<html>
<head>
<title>TestNG:  QuotaAppTest</title>
<link href="../testng.css" rel="stylesheet" type="text/css" />
<link href="../my-testng.css" rel="stylesheet" type="text/css" />

<style type="text/css">
.log { display: none;} 
.stack-trace { display: none;} 
</style>
<script type="text/javascript">
<!--
function flip(e) {
  current = e.style.display;
  if (current == 'block') {
    e.style.display = 'none';
    return 0;
  }
  else {
    e.style.display = 'block';
    return 1;
  }
}

function toggleBox(szDivId, elem, msg1, msg2)
{
  var res = -1;  if (document.getElementById) {
    res = flip(document.getElementById(szDivId));
  }
  else if (document.all) {
    // this is the way old msie versions work
    res = flip(document.all[szDivId]);
  }
  if(elem) {
    if(res == 0) elem.innerHTML = msg1; else elem.innerHTML = msg2;
  }

}

function toggleAllBoxes() {
  if (document.getElementsByTagName) {
    d = document.getElementsByTagName('div');
    for (i = 0; i < d.length; i++) {
      if (d[i].className == 'log') {
        flip(d[i]);
      }
    }
  }
}

// -->
</script>

</head>
<body>
<h2 align='center'>QuotaAppTest</h2><table border='1' align="center">
<tr>
<td>Tests passed/Failed/Skipped:</td><td>3/34/0</td>
</tr><tr>
<td>Started on:</td><td>Mon May 18 18:36:11 WIB 2020</td>
</tr>
<tr><td>Total time:</td><td>129 seconds (129773 ms)</td>
</tr><tr>
<td>Included groups:</td><td></td>
</tr><tr>
<td>Excluded groups:</td><td></td>
</tr>
</table><p/>
<small><i>(Hover the method name to see the test class name)</i></small><p/>
<table width='100%' border='1' class='invocation-failed'>
<tr><td colspan='4' align='center'><b>FAILED TESTS</b></td></tr>
<tr><td><b>Test method</b></td>
<td width="30%"><b>Exception</b></td>
<td width="10%"><b>Time (seconds)</b></td>
<td><b>Instance</b></td>
</tr>
<tr>
<td title='com.g2academy.testcases.loginmenu.TC_ForgotPassword.testForgotPassword()'><b>testForgotPassword</b><br>Test class: com.g2academy.testcases.loginmenu.TC_ForgotPassword<br>Parameters: negative case - invalid phone number, not a number, testforgotpasswordbackend@gmail.com, 400, Phone number not registered, -, -, -, -, -, -, -, -, -, -</td>
<td><div><pre>java.lang.AssertionError: expected [400] but found [500]
	at com.g2academy.base.Assertion.statusCode(Assertion.java:8)
	at com.g2academy.testcases.loginmenu.TC_ForgotPassword.testForgotPassword(TC_ForgotPassword.java:95)
	at java.util.concurrent.Executors$RunnableAdapter.call(Executors.java:511)
	at java.util.concurrent.FutureTask.run(FutureTask.java:266)
	at java.util.concurrent.ThreadPoolExecutor.runWorker(ThreadPoolExecutor.java:1149)
	at java.util.concurrent.ThreadPoolExecutor$Worker.run(ThreadPoolExecutor.java:624)
	at java.lang.Thread.run(Thread.java:748)
... Removed 13 stack frames</pre></div><a href='#' onClick='toggleBox("stack-trace964094970", this, "Click to show all stack frames", "Click to hide stack frames")'>Click to show all stack frames</a>
<div class='stack-trace' id='stack-trace964094970'><pre>java.lang.AssertionError: expected [400] but found [500]
	at org.testng.Assert.fail(Assert.java:96)
	at org.testng.Assert.failNotEquals(Assert.java:776)
	at org.testng.Assert.assertEqualsImpl(Assert.java:137)
	at org.testng.Assert.assertEquals(Assert.java:118)
	at org.testng.Assert.assertEquals(Assert.java:652)
	at org.testng.Assert.assertEquals(Assert.java:662)
	at com.g2academy.base.Assertion.statusCode(Assertion.java:8)
	at com.g2academy.testcases.loginmenu.TC_ForgotPassword.testForgotPassword(TC_ForgotPassword.java:95)
	at sun.reflect.NativeMethodAccessorImpl.invoke0(Native Method)
	at sun.reflect.NativeMethodAccessorImpl.invoke(NativeMethodAccessorImpl.java:62)
	at sun.reflect.DelegatingMethodAccessorImpl.invoke(DelegatingMethodAccessorImpl.java:43)
	at java.lang.reflect.Method.invoke(Method.java:498)
	at org.testng.internal.MethodInvocationHelper.invokeMethod(MethodInvocationHelper.java:124)
	at org.testng.internal.InvokeMethodRunnable.runOne(InvokeMethodRunnable.java:54)
	at org.testng.internal.InvokeMethodRunnable.run(InvokeMethodRunnable.java:44)
	at java.util.concurrent.Executors$RunnableAdapter.call(Executors.java:511)
	at java.util.concurrent.FutureTask.run(FutureTask.java:266)
	at java.util.concurrent.ThreadPoolExecutor.runWorker(ThreadPoolExecutor.java:1149)
	at java.util.concurrent.ThreadPoolExecutor$Worker.run(ThreadPoolExecutor.java:624)
	at java.lang.Thread.run(Thread.java:748)
</pre></div></td>
<td>2</td>
<td>com.g2academy.testcases.loginmenu.TC_ForgotPassword@22f71333</td></tr>
<tr>
<td title='com.g2academy.testcases.loginmenu.TC_ForgotPassword.testForgotPassword()'><b>testForgotPassword</b><br>Test class: com.g2academy.testcases.loginmenu.TC_ForgotPassword<br>Parameters: positif case - valid phone number and email, +6281252930398, testforgotpasswordbackend@gmail.com, 200, 200, OTP, TRUE, true, -, 200, Your token has been reset, Password12345@@, Password12345@@, 200, +6281252930398</td>
<td><div><pre>java.lang.AssertionError: expected [200] but found [500]
	at com.g2academy.base.Assertion.statusCode(Assertion.java:8)
	at com.g2academy.testcases.loginmenu.TC_ForgotPassword.testForgotPassword(TC_ForgotPassword.java:95)
	at java.util.concurrent.Executors$RunnableAdapter.call(Executors.java:511)
	at java.util.concurrent.FutureTask.run(FutureTask.java:266)
	at java.util.concurrent.ThreadPoolExecutor.runWorker(ThreadPoolExecutor.java:1149)
	at java.util.concurrent.ThreadPoolExecutor$Worker.run(ThreadPoolExecutor.java:624)
	at java.lang.Thread.run(Thread.java:748)
... Removed 13 stack frames</pre></div><a href='#' onClick='toggleBox("stack-trace1600061360", this, "Click to show all stack frames", "Click to hide stack frames")'>Click to show all stack frames</a>
<div class='stack-trace' id='stack-trace1600061360'><pre>java.lang.AssertionError: expected [200] but found [500]
	at org.testng.Assert.fail(Assert.java:96)
	at org.testng.Assert.failNotEquals(Assert.java:776)
	at org.testng.Assert.assertEqualsImpl(Assert.java:137)
	at org.testng.Assert.assertEquals(Assert.java:118)
	at org.testng.Assert.assertEquals(Assert.java:652)
	at org.testng.Assert.assertEquals(Assert.java:662)
	at com.g2academy.base.Assertion.statusCode(Assertion.java:8)
	at com.g2academy.testcases.loginmenu.TC_ForgotPassword.testForgotPassword(TC_ForgotPassword.java:95)
	at sun.reflect.NativeMethodAccessorImpl.invoke0(Native Method)
	at sun.reflect.NativeMethodAccessorImpl.invoke(NativeMethodAccessorImpl.java:62)
	at sun.reflect.DelegatingMethodAccessorImpl.invoke(DelegatingMethodAccessorImpl.java:43)
	at java.lang.reflect.Method.invoke(Method.java:498)
	at org.testng.internal.MethodInvocationHelper.invokeMethod(MethodInvocationHelper.java:124)
	at org.testng.internal.InvokeMethodRunnable.runOne(InvokeMethodRunnable.java:54)
	at org.testng.internal.InvokeMethodRunnable.run(InvokeMethodRunnable.java:44)
	at java.util.concurrent.Executors$RunnableAdapter.call(Executors.java:511)
	at java.util.concurrent.FutureTask.run(FutureTask.java:266)
	at java.util.concurrent.ThreadPoolExecutor.runWorker(ThreadPoolExecutor.java:1149)
	at java.util.concurrent.ThreadPoolExecutor$Worker.run(ThreadPoolExecutor.java:624)
	at java.lang.Thread.run(Thread.java:748)
</pre></div></td>
<td>2</td>
<td>com.g2academy.testcases.loginmenu.TC_ForgotPassword@22f71333</td></tr>
<tr>
<td title='com.g2academy.testcases.loginmenu.TC_ForgotPassword.testForgotPassword()'><b>testForgotPassword</b><br>Test class: com.g2academy.testcases.loginmenu.TC_ForgotPassword<br>Parameters: negative case - invalid phone number format (not numerical), not a number, testforgotpasswordbackend@gmail.com, 400, Phone number not registered, -, -, -, -, -, -, -, -, -, -</td>
<td><div><pre>java.lang.AssertionError: expected [400] but found [500]
	at com.g2academy.base.Assertion.statusCode(Assertion.java:8)
	at com.g2academy.testcases.loginmenu.TC_ForgotPassword.testForgotPassword(TC_ForgotPassword.java:95)
	at java.util.concurrent.Executors$RunnableAdapter.call(Executors.java:511)
	at java.util.concurrent.FutureTask.run(FutureTask.java:266)
	at java.util.concurrent.ThreadPoolExecutor.runWorker(ThreadPoolExecutor.java:1149)
	at java.util.concurrent.ThreadPoolExecutor$Worker.run(ThreadPoolExecutor.java:624)
	at java.lang.Thread.run(Thread.java:748)
... Removed 13 stack frames</pre></div><a href='#' onClick='toggleBox("stack-trace1704979234", this, "Click to show all stack frames", "Click to hide stack frames")'>Click to show all stack frames</a>
<div class='stack-trace' id='stack-trace1704979234'><pre>java.lang.AssertionError: expected [400] but found [500]
	at org.testng.Assert.fail(Assert.java:96)
	at org.testng.Assert.failNotEquals(Assert.java:776)
	at org.testng.Assert.assertEqualsImpl(Assert.java:137)
	at org.testng.Assert.assertEquals(Assert.java:118)
	at org.testng.Assert.assertEquals(Assert.java:652)
	at org.testng.Assert.assertEquals(Assert.java:662)
	at com.g2academy.base.Assertion.statusCode(Assertion.java:8)
	at com.g2academy.testcases.loginmenu.TC_ForgotPassword.testForgotPassword(TC_ForgotPassword.java:95)
	at sun.reflect.NativeMethodAccessorImpl.invoke0(Native Method)
	at sun.reflect.NativeMethodAccessorImpl.invoke(NativeMethodAccessorImpl.java:62)
	at sun.reflect.DelegatingMethodAccessorImpl.invoke(DelegatingMethodAccessorImpl.java:43)
	at java.lang.reflect.Method.invoke(Method.java:498)
	at org.testng.internal.MethodInvocationHelper.invokeMethod(MethodInvocationHelper.java:124)
	at org.testng.internal.InvokeMethodRunnable.runOne(InvokeMethodRunnable.java:54)
	at org.testng.internal.InvokeMethodRunnable.run(InvokeMethodRunnable.java:44)
	at java.util.concurrent.Executors$RunnableAdapter.call(Executors.java:511)
	at java.util.concurrent.FutureTask.run(FutureTask.java:266)
	at java.util.concurrent.ThreadPoolExecutor.runWorker(ThreadPoolExecutor.java:1149)
	at java.util.concurrent.ThreadPoolExecutor$Worker.run(ThreadPoolExecutor.java:624)
	at java.lang.Thread.run(Thread.java:748)
</pre></div></td>
<td>2</td>
<td>com.g2academy.testcases.loginmenu.TC_ForgotPassword@22f71333</td></tr>
<tr>
<td title='com.g2academy.testcases.loginmenu.TC_ForgotPassword.testForgotPassword()'><b>testForgotPassword</b><br>Test class: com.g2academy.testcases.loginmenu.TC_ForgotPassword<br>Parameters: negative case - invalid phone number format (exceed 15 characters), +628123456789101112222, testforgotpasswordbackend@gmail.com, 400, Phone number not registered, -, -, -, -, -, -, -, -, -, -</td>
<td><div><pre>java.lang.AssertionError: expected [400] but found [500]
	at com.g2academy.base.Assertion.statusCode(Assertion.java:8)
	at com.g2academy.testcases.loginmenu.TC_ForgotPassword.testForgotPassword(TC_ForgotPassword.java:95)
	at java.util.concurrent.Executors$RunnableAdapter.call(Executors.java:511)
	at java.util.concurrent.FutureTask.run(FutureTask.java:266)
	at java.util.concurrent.ThreadPoolExecutor.runWorker(ThreadPoolExecutor.java:1149)
	at java.util.concurrent.ThreadPoolExecutor$Worker.run(ThreadPoolExecutor.java:624)
	at java.lang.Thread.run(Thread.java:748)
... Removed 13 stack frames</pre></div><a href='#' onClick='toggleBox("stack-trace724128993", this, "Click to show all stack frames", "Click to hide stack frames")'>Click to show all stack frames</a>
<div class='stack-trace' id='stack-trace724128993'><pre>java.lang.AssertionError: expected [400] but found [500]
	at org.testng.Assert.fail(Assert.java:96)
	at org.testng.Assert.failNotEquals(Assert.java:776)
	at org.testng.Assert.assertEqualsImpl(Assert.java:137)
	at org.testng.Assert.assertEquals(Assert.java:118)
	at org.testng.Assert.assertEquals(Assert.java:652)
	at org.testng.Assert.assertEquals(Assert.java:662)
	at com.g2academy.base.Assertion.statusCode(Assertion.java:8)
	at com.g2academy.testcases.loginmenu.TC_ForgotPassword.testForgotPassword(TC_ForgotPassword.java:95)
	at sun.reflect.NativeMethodAccessorImpl.invoke0(Native Method)
	at sun.reflect.NativeMethodAccessorImpl.invoke(NativeMethodAccessorImpl.java:62)
	at sun.reflect.DelegatingMethodAccessorImpl.invoke(DelegatingMethodAccessorImpl.java:43)
	at java.lang.reflect.Method.invoke(Method.java:498)
	at org.testng.internal.MethodInvocationHelper.invokeMethod(MethodInvocationHelper.java:124)
	at org.testng.internal.InvokeMethodRunnable.runOne(InvokeMethodRunnable.java:54)
	at org.testng.internal.InvokeMethodRunnable.run(InvokeMethodRunnable.java:44)
	at java.util.concurrent.Executors$RunnableAdapter.call(Executors.java:511)
	at java.util.concurrent.FutureTask.run(FutureTask.java:266)
	at java.util.concurrent.ThreadPoolExecutor.runWorker(ThreadPoolExecutor.java:1149)
	at java.util.concurrent.ThreadPoolExecutor$Worker.run(ThreadPoolExecutor.java:624)
	at java.lang.Thread.run(Thread.java:748)
</pre></div></td>
<td>2</td>
<td>com.g2academy.testcases.loginmenu.TC_ForgotPassword@22f71333</td></tr>
<tr>
<td title='com.g2academy.testcases.loginmenu.TC_ForgotPassword.testForgotPassword()'><b>testForgotPassword</b><br>Test class: com.g2academy.testcases.loginmenu.TC_ForgotPassword<br>Parameters: negative case - invalid phone number (outside Indonesia), +601300808888, testforgotpasswordbackend@gmail.com, 400, Phone number not registered, -, -, -, -, -, -, -, -, -, -</td>
<td><div><pre>java.lang.AssertionError: expected [400] but found [500]
	at com.g2academy.base.Assertion.statusCode(Assertion.java:8)
	at com.g2academy.testcases.loginmenu.TC_ForgotPassword.testForgotPassword(TC_ForgotPassword.java:95)
	at java.util.concurrent.Executors$RunnableAdapter.call(Executors.java:511)
	at java.util.concurrent.FutureTask.run(FutureTask.java:266)
	at java.util.concurrent.ThreadPoolExecutor.runWorker(ThreadPoolExecutor.java:1149)
	at java.util.concurrent.ThreadPoolExecutor$Worker.run(ThreadPoolExecutor.java:624)
	at java.lang.Thread.run(Thread.java:748)
... Removed 13 stack frames</pre></div><a href='#' onClick='toggleBox("stack-trace765551203", this, "Click to show all stack frames", "Click to hide stack frames")'>Click to show all stack frames</a>
<div class='stack-trace' id='stack-trace765551203'><pre>java.lang.AssertionError: expected [400] but found [500]
	at org.testng.Assert.fail(Assert.java:96)
	at org.testng.Assert.failNotEquals(Assert.java:776)
	at org.testng.Assert.assertEqualsImpl(Assert.java:137)
	at org.testng.Assert.assertEquals(Assert.java:118)
	at org.testng.Assert.assertEquals(Assert.java:652)
	at org.testng.Assert.assertEquals(Assert.java:662)
	at com.g2academy.base.Assertion.statusCode(Assertion.java:8)
	at com.g2academy.testcases.loginmenu.TC_ForgotPassword.testForgotPassword(TC_ForgotPassword.java:95)
	at sun.reflect.NativeMethodAccessorImpl.invoke0(Native Method)
	at sun.reflect.NativeMethodAccessorImpl.invoke(NativeMethodAccessorImpl.java:62)
	at sun.reflect.DelegatingMethodAccessorImpl.invoke(DelegatingMethodAccessorImpl.java:43)
	at java.lang.reflect.Method.invoke(Method.java:498)
	at org.testng.internal.MethodInvocationHelper.invokeMethod(MethodInvocationHelper.java:124)
	at org.testng.internal.InvokeMethodRunnable.runOne(InvokeMethodRunnable.java:54)
	at org.testng.internal.InvokeMethodRunnable.run(InvokeMethodRunnable.java:44)
	at java.util.concurrent.Executors$RunnableAdapter.call(Executors.java:511)
	at java.util.concurrent.FutureTask.run(FutureTask.java:266)
	at java.util.concurrent.ThreadPoolExecutor.runWorker(ThreadPoolExecutor.java:1149)
	at java.util.concurrent.ThreadPoolExecutor$Worker.run(ThreadPoolExecutor.java:624)
	at java.lang.Thread.run(Thread.java:748)
</pre></div></td>
<td>2</td>
<td>com.g2academy.testcases.loginmenu.TC_ForgotPassword@22f71333</td></tr>
<tr>
<td title='com.g2academy.testcases.loginmenu.TC_ForgotPassword.testForgotPassword()'><b>testForgotPassword</b><br>Test class: com.g2academy.testcases.loginmenu.TC_ForgotPassword<br>Parameters: negative case - invalid phone number (unregistered number), +6281234567890, testforgotpasswordbackend@gmail.com, 400, Phone number not registered, -, -, -, -, -, -, -, -, -, -</td>
<td><div><pre>java.lang.AssertionError: expected [400] but found [500]
	at com.g2academy.base.Assertion.statusCode(Assertion.java:8)
	at com.g2academy.testcases.loginmenu.TC_ForgotPassword.testForgotPassword(TC_ForgotPassword.java:95)
	at java.util.concurrent.Executors$RunnableAdapter.call(Executors.java:511)
	at java.util.concurrent.FutureTask.run(FutureTask.java:266)
	at java.util.concurrent.ThreadPoolExecutor.runWorker(ThreadPoolExecutor.java:1149)
	at java.util.concurrent.ThreadPoolExecutor$Worker.run(ThreadPoolExecutor.java:624)
	at java.lang.Thread.run(Thread.java:748)
... Removed 13 stack frames</pre></div><a href='#' onClick='toggleBox("stack-trace1589640004", this, "Click to show all stack frames", "Click to hide stack frames")'>Click to show all stack frames</a>
<div class='stack-trace' id='stack-trace1589640004'><pre>java.lang.AssertionError: expected [400] but found [500]
	at org.testng.Assert.fail(Assert.java:96)
	at org.testng.Assert.failNotEquals(Assert.java:776)
	at org.testng.Assert.assertEqualsImpl(Assert.java:137)
	at org.testng.Assert.assertEquals(Assert.java:118)
	at org.testng.Assert.assertEquals(Assert.java:652)
	at org.testng.Assert.assertEquals(Assert.java:662)
	at com.g2academy.base.Assertion.statusCode(Assertion.java:8)
	at com.g2academy.testcases.loginmenu.TC_ForgotPassword.testForgotPassword(TC_ForgotPassword.java:95)
	at sun.reflect.NativeMethodAccessorImpl.invoke0(Native Method)
	at sun.reflect.NativeMethodAccessorImpl.invoke(NativeMethodAccessorImpl.java:62)
	at sun.reflect.DelegatingMethodAccessorImpl.invoke(DelegatingMethodAccessorImpl.java:43)
	at java.lang.reflect.Method.invoke(Method.java:498)
	at org.testng.internal.MethodInvocationHelper.invokeMethod(MethodInvocationHelper.java:124)
	at org.testng.internal.InvokeMethodRunnable.runOne(InvokeMethodRunnable.java:54)
	at org.testng.internal.InvokeMethodRunnable.run(InvokeMethodRunnable.java:44)
	at java.util.concurrent.Executors$RunnableAdapter.call(Executors.java:511)
	at java.util.concurrent.FutureTask.run(FutureTask.java:266)
	at java.util.concurrent.ThreadPoolExecutor.runWorker(ThreadPoolExecutor.java:1149)
	at java.util.concurrent.ThreadPoolExecutor$Worker.run(ThreadPoolExecutor.java:624)
	at java.lang.Thread.run(Thread.java:748)
</pre></div></td>
<td>2</td>
<td>com.g2academy.testcases.loginmenu.TC_ForgotPassword@22f71333</td></tr>
<tr>
<td title='com.g2academy.testcases.loginmenu.TC_ForgotPassword.testForgotPassword()'><b>testForgotPassword</b><br>Test class: com.g2academy.testcases.loginmenu.TC_ForgotPassword<br>Parameters: negative case - invalid phone number (unverified number), +6285785161197, testforgotpasswordbackend@gmail.com, 400, Phone number not registered, -, -, -, -, -, -, -, -, -, -</td>
<td><div><pre>java.lang.AssertionError: expected [400] but found [500]
	at com.g2academy.base.Assertion.statusCode(Assertion.java:8)
	at com.g2academy.testcases.loginmenu.TC_ForgotPassword.testForgotPassword(TC_ForgotPassword.java:95)
	at java.util.concurrent.Executors$RunnableAdapter.call(Executors.java:511)
	at java.util.concurrent.FutureTask.run(FutureTask.java:266)
	at java.util.concurrent.ThreadPoolExecutor.runWorker(ThreadPoolExecutor.java:1149)
	at java.util.concurrent.ThreadPoolExecutor$Worker.run(ThreadPoolExecutor.java:624)
	at java.lang.Thread.run(Thread.java:748)
... Removed 13 stack frames</pre></div><a href='#' onClick='toggleBox("stack-trace1591398176", this, "Click to show all stack frames", "Click to hide stack frames")'>Click to show all stack frames</a>
<div class='stack-trace' id='stack-trace1591398176'><pre>java.lang.AssertionError: expected [400] but found [500]
	at org.testng.Assert.fail(Assert.java:96)
	at org.testng.Assert.failNotEquals(Assert.java:776)
	at org.testng.Assert.assertEqualsImpl(Assert.java:137)
	at org.testng.Assert.assertEquals(Assert.java:118)
	at org.testng.Assert.assertEquals(Assert.java:652)
	at org.testng.Assert.assertEquals(Assert.java:662)
	at com.g2academy.base.Assertion.statusCode(Assertion.java:8)
	at com.g2academy.testcases.loginmenu.TC_ForgotPassword.testForgotPassword(TC_ForgotPassword.java:95)
	at sun.reflect.NativeMethodAccessorImpl.invoke0(Native Method)
	at sun.reflect.NativeMethodAccessorImpl.invoke(NativeMethodAccessorImpl.java:62)
	at sun.reflect.DelegatingMethodAccessorImpl.invoke(DelegatingMethodAccessorImpl.java:43)
	at java.lang.reflect.Method.invoke(Method.java:498)
	at org.testng.internal.MethodInvocationHelper.invokeMethod(MethodInvocationHelper.java:124)
	at org.testng.internal.InvokeMethodRunnable.runOne(InvokeMethodRunnable.java:54)
	at org.testng.internal.InvokeMethodRunnable.run(InvokeMethodRunnable.java:44)
	at java.util.concurrent.Executors$RunnableAdapter.call(Executors.java:511)
	at java.util.concurrent.FutureTask.run(FutureTask.java:266)
	at java.util.concurrent.ThreadPoolExecutor.runWorker(ThreadPoolExecutor.java:1149)
	at java.util.concurrent.ThreadPoolExecutor$Worker.run(ThreadPoolExecutor.java:624)
	at java.lang.Thread.run(Thread.java:748)
</pre></div></td>
<td>2</td>
<td>com.g2academy.testcases.loginmenu.TC_ForgotPassword@22f71333</td></tr>
<tr>
<td title='com.g2academy.testcases.loginmenu.TC_ForgotPassword.testForgotPassword()'><b>testForgotPassword</b><br>Test class: com.g2academy.testcases.loginmenu.TC_ForgotPassword<br>Parameters: negative case - invalid otp code, status otp code, +6281252930398, testforgotpasswordbackend@gmail.com, 200, 200, OTP, 12AX, false, -, 500, Internal Server Error, -, -, -, -</td>
<td><div><pre>java.lang.AssertionError: expected [200] but found [500]
	at com.g2academy.base.Assertion.statusCode(Assertion.java:8)
	at com.g2academy.testcases.loginmenu.TC_ForgotPassword.testForgotPassword(TC_ForgotPassword.java:95)
	at java.util.concurrent.Executors$RunnableAdapter.call(Executors.java:511)
	at java.util.concurrent.FutureTask.run(FutureTask.java:266)
	at java.util.concurrent.ThreadPoolExecutor.runWorker(ThreadPoolExecutor.java:1149)
	at java.util.concurrent.ThreadPoolExecutor$Worker.run(ThreadPoolExecutor.java:624)
	at java.lang.Thread.run(Thread.java:748)
... Removed 13 stack frames</pre></div><a href='#' onClick='toggleBox("stack-trace1241128308", this, "Click to show all stack frames", "Click to hide stack frames")'>Click to show all stack frames</a>
<div class='stack-trace' id='stack-trace1241128308'><pre>java.lang.AssertionError: expected [200] but found [500]
	at org.testng.Assert.fail(Assert.java:96)
	at org.testng.Assert.failNotEquals(Assert.java:776)
	at org.testng.Assert.assertEqualsImpl(Assert.java:137)
	at org.testng.Assert.assertEquals(Assert.java:118)
	at org.testng.Assert.assertEquals(Assert.java:652)
	at org.testng.Assert.assertEquals(Assert.java:662)
	at com.g2academy.base.Assertion.statusCode(Assertion.java:8)
	at com.g2academy.testcases.loginmenu.TC_ForgotPassword.testForgotPassword(TC_ForgotPassword.java:95)
	at sun.reflect.NativeMethodAccessorImpl.invoke0(Native Method)
	at sun.reflect.NativeMethodAccessorImpl.invoke(NativeMethodAccessorImpl.java:62)
	at sun.reflect.DelegatingMethodAccessorImpl.invoke(DelegatingMethodAccessorImpl.java:43)
	at java.lang.reflect.Method.invoke(Method.java:498)
	at org.testng.internal.MethodInvocationHelper.invokeMethod(MethodInvocationHelper.java:124)
	at org.testng.internal.InvokeMethodRunnable.runOne(InvokeMethodRunnable.java:54)
	at org.testng.internal.InvokeMethodRunnable.run(InvokeMethodRunnable.java:44)
	at java.util.concurrent.Executors$RunnableAdapter.call(Executors.java:511)
	at java.util.concurrent.FutureTask.run(FutureTask.java:266)
	at java.util.concurrent.ThreadPoolExecutor.runWorker(ThreadPoolExecutor.java:1149)
	at java.util.concurrent.ThreadPoolExecutor$Worker.run(ThreadPoolExecutor.java:624)
	at java.lang.Thread.run(Thread.java:748)
</pre></div></td>
<td>4</td>
<td>com.g2academy.testcases.loginmenu.TC_ForgotPassword@22f71333</td></tr>
<tr>
<td title='com.g2academy.testcases.loginmenu.TC_ForgotPassword.testForgotPassword()'><b>testForgotPassword</b><br>Test class: com.g2academy.testcases.loginmenu.TC_ForgotPassword<br>Parameters: negative case - invalid otp code, +6281252930398, testforgotpasswordbackend@gmail.com, 200, 200, OTP, 12AX, true, -, 500, Internal Server Error, -, -, -, -</td>
<td><div><pre>java.lang.AssertionError: expected [200] but found [500]
	at com.g2academy.base.Assertion.statusCode(Assertion.java:8)
	at com.g2academy.testcases.loginmenu.TC_ForgotPassword.testForgotPassword(TC_ForgotPassword.java:95)
	at java.util.concurrent.Executors$RunnableAdapter.call(Executors.java:511)
	at java.util.concurrent.FutureTask.run(FutureTask.java:266)
	at java.util.concurrent.ThreadPoolExecutor.runWorker(ThreadPoolExecutor.java:1149)
	at java.util.concurrent.ThreadPoolExecutor$Worker.run(ThreadPoolExecutor.java:624)
	at java.lang.Thread.run(Thread.java:748)
... Removed 13 stack frames</pre></div><a href='#' onClick='toggleBox("stack-trace2096842550", this, "Click to show all stack frames", "Click to hide stack frames")'>Click to show all stack frames</a>
<div class='stack-trace' id='stack-trace2096842550'><pre>java.lang.AssertionError: expected [200] but found [500]
	at org.testng.Assert.fail(Assert.java:96)
	at org.testng.Assert.failNotEquals(Assert.java:776)
	at org.testng.Assert.assertEqualsImpl(Assert.java:137)
	at org.testng.Assert.assertEquals(Assert.java:118)
	at org.testng.Assert.assertEquals(Assert.java:652)
	at org.testng.Assert.assertEquals(Assert.java:662)
	at com.g2academy.base.Assertion.statusCode(Assertion.java:8)
	at com.g2academy.testcases.loginmenu.TC_ForgotPassword.testForgotPassword(TC_ForgotPassword.java:95)
	at sun.reflect.NativeMethodAccessorImpl.invoke0(Native Method)
	at sun.reflect.NativeMethodAccessorImpl.invoke(NativeMethodAccessorImpl.java:62)
	at sun.reflect.DelegatingMethodAccessorImpl.invoke(DelegatingMethodAccessorImpl.java:43)
	at java.lang.reflect.Method.invoke(Method.java:498)
	at org.testng.internal.MethodInvocationHelper.invokeMethod(MethodInvocationHelper.java:124)
	at org.testng.internal.InvokeMethodRunnable.runOne(InvokeMethodRunnable.java:54)
	at org.testng.internal.InvokeMethodRunnable.run(InvokeMethodRunnable.java:44)
	at java.util.concurrent.Executors$RunnableAdapter.call(Executors.java:511)
	at java.util.concurrent.FutureTask.run(FutureTask.java:266)
	at java.util.concurrent.ThreadPoolExecutor.runWorker(ThreadPoolExecutor.java:1149)
	at java.util.concurrent.ThreadPoolExecutor$Worker.run(ThreadPoolExecutor.java:624)
	at java.lang.Thread.run(Thread.java:748)
</pre></div></td>
<td>2</td>
<td>com.g2academy.testcases.loginmenu.TC_ForgotPassword@22f71333</td></tr>
<tr>
<td title='com.g2academy.testcases.loginmenu.TC_ForgotPassword.testForgotPassword()'><b>testForgotPassword</b><br>Test class: com.g2academy.testcases.loginmenu.TC_ForgotPassword<br>Parameters: negative case - invalid status otp code, +6281252930398, testforgotpasswordbackend@gmail.com, 200, 200, OTP, TRUE, false, -, 500, Internal Server Error, -, -, -, -</td>
<td><div><pre>java.lang.AssertionError: expected [200] but found [500]
	at com.g2academy.base.Assertion.statusCode(Assertion.java:8)
	at com.g2academy.testcases.loginmenu.TC_ForgotPassword.testForgotPassword(TC_ForgotPassword.java:95)
	at java.util.concurrent.Executors$RunnableAdapter.call(Executors.java:511)
	at java.util.concurrent.FutureTask.run(FutureTask.java:266)
	at java.util.concurrent.ThreadPoolExecutor.runWorker(ThreadPoolExecutor.java:1149)
	at java.util.concurrent.ThreadPoolExecutor$Worker.run(ThreadPoolExecutor.java:624)
	at java.lang.Thread.run(Thread.java:748)
... Removed 13 stack frames</pre></div><a href='#' onClick='toggleBox("stack-trace834132073", this, "Click to show all stack frames", "Click to hide stack frames")'>Click to show all stack frames</a>
<div class='stack-trace' id='stack-trace834132073'><pre>java.lang.AssertionError: expected [200] but found [500]
	at org.testng.Assert.fail(Assert.java:96)
	at org.testng.Assert.failNotEquals(Assert.java:776)
	at org.testng.Assert.assertEqualsImpl(Assert.java:137)
	at org.testng.Assert.assertEquals(Assert.java:118)
	at org.testng.Assert.assertEquals(Assert.java:652)
	at org.testng.Assert.assertEquals(Assert.java:662)
	at com.g2academy.base.Assertion.statusCode(Assertion.java:8)
	at com.g2academy.testcases.loginmenu.TC_ForgotPassword.testForgotPassword(TC_ForgotPassword.java:95)
	at sun.reflect.NativeMethodAccessorImpl.invoke0(Native Method)
	at sun.reflect.NativeMethodAccessorImpl.invoke(NativeMethodAccessorImpl.java:62)
	at sun.reflect.DelegatingMethodAccessorImpl.invoke(DelegatingMethodAccessorImpl.java:43)
	at java.lang.reflect.Method.invoke(Method.java:498)
	at org.testng.internal.MethodInvocationHelper.invokeMethod(MethodInvocationHelper.java:124)
	at org.testng.internal.InvokeMethodRunnable.runOne(InvokeMethodRunnable.java:54)
	at org.testng.internal.InvokeMethodRunnable.run(InvokeMethodRunnable.java:44)
	at java.util.concurrent.Executors$RunnableAdapter.call(Executors.java:511)
	at java.util.concurrent.FutureTask.run(FutureTask.java:266)
	at java.util.concurrent.ThreadPoolExecutor.runWorker(ThreadPoolExecutor.java:1149)
	at java.util.concurrent.ThreadPoolExecutor$Worker.run(ThreadPoolExecutor.java:624)
	at java.lang.Thread.run(Thread.java:748)
</pre></div></td>
<td>2</td>
<td>com.g2academy.testcases.loginmenu.TC_ForgotPassword@22f71333</td></tr>
<tr>
<td title='com.g2academy.testcases.loginmenu.TC_ForgotPassword.testForgotPassword()'><b>testForgotPassword</b><br>Test class: com.g2academy.testcases.loginmenu.TC_ForgotPassword<br>Parameters: positive case - valid otp code, valid status otp code, +6281252930398, testforgotpasswordbackend@gmail.com, 200, 200, OTP, TRUE, true, TRUE, 200, Your token has been reset, Password12345@@, Password12345@@, 200, +6281252930398</td>
<td><div><pre>java.lang.AssertionError: expected [200] but found [500]
	at com.g2academy.base.Assertion.statusCode(Assertion.java:8)
	at com.g2academy.testcases.loginmenu.TC_ForgotPassword.testForgotPassword(TC_ForgotPassword.java:95)
	at java.util.concurrent.Executors$RunnableAdapter.call(Executors.java:511)
	at java.util.concurrent.FutureTask.run(FutureTask.java:266)
	at java.util.concurrent.ThreadPoolExecutor.runWorker(ThreadPoolExecutor.java:1149)
	at java.util.concurrent.ThreadPoolExecutor$Worker.run(ThreadPoolExecutor.java:624)
	at java.lang.Thread.run(Thread.java:748)
... Removed 13 stack frames</pre></div><a href='#' onClick='toggleBox("stack-trace58791184", this, "Click to show all stack frames", "Click to hide stack frames")'>Click to show all stack frames</a>
<div class='stack-trace' id='stack-trace58791184'><pre>java.lang.AssertionError: expected [200] but found [500]
	at org.testng.Assert.fail(Assert.java:96)
	at org.testng.Assert.failNotEquals(Assert.java:776)
	at org.testng.Assert.assertEqualsImpl(Assert.java:137)
	at org.testng.Assert.assertEquals(Assert.java:118)
	at org.testng.Assert.assertEquals(Assert.java:652)
	at org.testng.Assert.assertEquals(Assert.java:662)
	at com.g2academy.base.Assertion.statusCode(Assertion.java:8)
	at com.g2academy.testcases.loginmenu.TC_ForgotPassword.testForgotPassword(TC_ForgotPassword.java:95)
	at sun.reflect.NativeMethodAccessorImpl.invoke0(Native Method)
	at sun.reflect.NativeMethodAccessorImpl.invoke(NativeMethodAccessorImpl.java:62)
	at sun.reflect.DelegatingMethodAccessorImpl.invoke(DelegatingMethodAccessorImpl.java:43)
	at java.lang.reflect.Method.invoke(Method.java:498)
	at org.testng.internal.MethodInvocationHelper.invokeMethod(MethodInvocationHelper.java:124)
	at org.testng.internal.InvokeMethodRunnable.runOne(InvokeMethodRunnable.java:54)
	at org.testng.internal.InvokeMethodRunnable.run(InvokeMethodRunnable.java:44)
	at java.util.concurrent.Executors$RunnableAdapter.call(Executors.java:511)
	at java.util.concurrent.FutureTask.run(FutureTask.java:266)
	at java.util.concurrent.ThreadPoolExecutor.runWorker(ThreadPoolExecutor.java:1149)
	at java.util.concurrent.ThreadPoolExecutor$Worker.run(ThreadPoolExecutor.java:624)
	at java.lang.Thread.run(Thread.java:748)
</pre></div></td>
<td>3</td>
<td>com.g2academy.testcases.loginmenu.TC_ForgotPassword@22f71333</td></tr>
<tr>
<td title='com.g2academy.testcases.loginmenu.TC_ForgotPassword.testForgotPassword()'><b>testForgotPassword</b><br>Test class: com.g2academy.testcases.loginmenu.TC_ForgotPassword<br>Parameters: negative case - invalid otp code (below 4 characters), +6281252930398, testforgotpasswordbackend@gmail.com, 200, 200, OTP, 253, true, -, 500, Internal Server Error, -, -, -, -</td>
<td><div><pre>java.lang.AssertionError: expected [200] but found [500]
	at com.g2academy.base.Assertion.statusCode(Assertion.java:8)
	at com.g2academy.testcases.loginmenu.TC_ForgotPassword.testForgotPassword(TC_ForgotPassword.java:95)
	at java.util.concurrent.Executors$RunnableAdapter.call(Executors.java:511)
	at java.util.concurrent.FutureTask.run(FutureTask.java:266)
	at java.util.concurrent.ThreadPoolExecutor.runWorker(ThreadPoolExecutor.java:1149)
	at java.util.concurrent.ThreadPoolExecutor$Worker.run(ThreadPoolExecutor.java:624)
	at java.lang.Thread.run(Thread.java:748)
... Removed 13 stack frames</pre></div><a href='#' onClick='toggleBox("stack-trace779179975", this, "Click to show all stack frames", "Click to hide stack frames")'>Click to show all stack frames</a>
<div class='stack-trace' id='stack-trace779179975'><pre>java.lang.AssertionError: expected [200] but found [500]
	at org.testng.Assert.fail(Assert.java:96)
	at org.testng.Assert.failNotEquals(Assert.java:776)
	at org.testng.Assert.assertEqualsImpl(Assert.java:137)
	at org.testng.Assert.assertEquals(Assert.java:118)
	at org.testng.Assert.assertEquals(Assert.java:652)
	at org.testng.Assert.assertEquals(Assert.java:662)
	at com.g2academy.base.Assertion.statusCode(Assertion.java:8)
	at com.g2academy.testcases.loginmenu.TC_ForgotPassword.testForgotPassword(TC_ForgotPassword.java:95)
	at sun.reflect.NativeMethodAccessorImpl.invoke0(Native Method)
	at sun.reflect.NativeMethodAccessorImpl.invoke(NativeMethodAccessorImpl.java:62)
	at sun.reflect.DelegatingMethodAccessorImpl.invoke(DelegatingMethodAccessorImpl.java:43)
	at java.lang.reflect.Method.invoke(Method.java:498)
	at org.testng.internal.MethodInvocationHelper.invokeMethod(MethodInvocationHelper.java:124)
	at org.testng.internal.InvokeMethodRunnable.runOne(InvokeMethodRunnable.java:54)
	at org.testng.internal.InvokeMethodRunnable.run(InvokeMethodRunnable.java:44)
	at java.util.concurrent.Executors$RunnableAdapter.call(Executors.java:511)
	at java.util.concurrent.FutureTask.run(FutureTask.java:266)
	at java.util.concurrent.ThreadPoolExecutor.runWorker(ThreadPoolExecutor.java:1149)
	at java.util.concurrent.ThreadPoolExecutor$Worker.run(ThreadPoolExecutor.java:624)
	at java.lang.Thread.run(Thread.java:748)
</pre></div></td>
<td>2</td>
<td>com.g2academy.testcases.loginmenu.TC_ForgotPassword@22f71333</td></tr>
<tr>
<td title='com.g2academy.testcases.loginmenu.TC_ForgotPassword.testForgotPassword()'><b>testForgotPassword</b><br>Test class: com.g2academy.testcases.loginmenu.TC_ForgotPassword<br>Parameters: negative case - invalid otp code (exceed 4 characters), +6281252930398, testforgotpasswordbackend@gmail.com, 200, 200, OTP, 1697389, true, -, 500, Internal Server Error, -, -, -, -</td>
<td><div><pre>java.lang.AssertionError: expected [200] but found [500]
	at com.g2academy.base.Assertion.statusCode(Assertion.java:8)
	at com.g2academy.testcases.loginmenu.TC_ForgotPassword.testForgotPassword(TC_ForgotPassword.java:95)
	at java.util.concurrent.Executors$RunnableAdapter.call(Executors.java:511)
	at java.util.concurrent.FutureTask.run(FutureTask.java:266)
	at java.util.concurrent.ThreadPoolExecutor.runWorker(ThreadPoolExecutor.java:1149)
	at java.util.concurrent.ThreadPoolExecutor$Worker.run(ThreadPoolExecutor.java:624)
	at java.lang.Thread.run(Thread.java:748)
... Removed 13 stack frames</pre></div><a href='#' onClick='toggleBox("stack-trace636953520", this, "Click to show all stack frames", "Click to hide stack frames")'>Click to show all stack frames</a>
<div class='stack-trace' id='stack-trace636953520'><pre>java.lang.AssertionError: expected [200] but found [500]
	at org.testng.Assert.fail(Assert.java:96)
	at org.testng.Assert.failNotEquals(Assert.java:776)
	at org.testng.Assert.assertEqualsImpl(Assert.java:137)
	at org.testng.Assert.assertEquals(Assert.java:118)
	at org.testng.Assert.assertEquals(Assert.java:652)
	at org.testng.Assert.assertEquals(Assert.java:662)
	at com.g2academy.base.Assertion.statusCode(Assertion.java:8)
	at com.g2academy.testcases.loginmenu.TC_ForgotPassword.testForgotPassword(TC_ForgotPassword.java:95)
	at sun.reflect.NativeMethodAccessorImpl.invoke0(Native Method)
	at sun.reflect.NativeMethodAccessorImpl.invoke(NativeMethodAccessorImpl.java:62)
	at sun.reflect.DelegatingMethodAccessorImpl.invoke(DelegatingMethodAccessorImpl.java:43)
	at java.lang.reflect.Method.invoke(Method.java:498)
	at org.testng.internal.MethodInvocationHelper.invokeMethod(MethodInvocationHelper.java:124)
	at org.testng.internal.InvokeMethodRunnable.runOne(InvokeMethodRunnable.java:54)
	at org.testng.internal.InvokeMethodRunnable.run(InvokeMethodRunnable.java:44)
	at java.util.concurrent.Executors$RunnableAdapter.call(Executors.java:511)
	at java.util.concurrent.FutureTask.run(FutureTask.java:266)
	at java.util.concurrent.ThreadPoolExecutor.runWorker(ThreadPoolExecutor.java:1149)
	at java.util.concurrent.ThreadPoolExecutor$Worker.run(ThreadPoolExecutor.java:624)
	at java.lang.Thread.run(Thread.java:748)
</pre></div></td>
<td>2</td>
<td>com.g2academy.testcases.loginmenu.TC_ForgotPassword@22f71333</td></tr>
<tr>
<td title='com.g2academy.testcases.loginmenu.TC_ForgotPassword.testForgotPassword()'><b>testForgotPassword</b><br>Test class: com.g2academy.testcases.loginmenu.TC_ForgotPassword<br>Parameters: negative case - invalid otp code (not numerical only), +6281252930398, testforgotpasswordbackend@gmail.com, 200, 200, OTP, 12AX, true, -, 500, Internal Server Error, -, -, -, -</td>
<td><div><pre>java.lang.AssertionError: expected [200] but found [500]
	at com.g2academy.base.Assertion.statusCode(Assertion.java:8)
	at com.g2academy.testcases.loginmenu.TC_ForgotPassword.testForgotPassword(TC_ForgotPassword.java:95)
	at java.util.concurrent.Executors$RunnableAdapter.call(Executors.java:511)
	at java.util.concurrent.FutureTask.run(FutureTask.java:266)
	at java.util.concurrent.ThreadPoolExecutor.runWorker(ThreadPoolExecutor.java:1149)
	at java.util.concurrent.ThreadPoolExecutor$Worker.run(ThreadPoolExecutor.java:624)
	at java.lang.Thread.run(Thread.java:748)
... Removed 12 stack frames</pre></div><a href='#' onClick='toggleBox("stack-trace48390515", this, "Click to show all stack frames", "Click to hide stack frames")'>Click to show all stack frames</a>
<div class='stack-trace' id='stack-trace48390515'><pre>java.lang.AssertionError: expected [200] but found [500]
	at org.testng.Assert.fail(Assert.java:96)
	at org.testng.Assert.failNotEquals(Assert.java:776)
	at org.testng.Assert.assertEqualsImpl(Assert.java:137)
	at org.testng.Assert.assertEquals(Assert.java:118)
	at org.testng.Assert.assertEquals(Assert.java:652)
	at org.testng.Assert.assertEquals(Assert.java:662)
	at com.g2academy.base.Assertion.statusCode(Assertion.java:8)
	at com.g2academy.testcases.loginmenu.TC_ForgotPassword.testForgotPassword(TC_ForgotPassword.java:95)
	at sun.reflect.GeneratedMethodAccessor131.invoke(Unknown Source)
	at sun.reflect.DelegatingMethodAccessorImpl.invoke(DelegatingMethodAccessorImpl.java:43)
	at java.lang.reflect.Method.invoke(Method.java:498)
	at org.testng.internal.MethodInvocationHelper.invokeMethod(MethodInvocationHelper.java:124)
	at org.testng.internal.InvokeMethodRunnable.runOne(InvokeMethodRunnable.java:54)
	at org.testng.internal.InvokeMethodRunnable.run(InvokeMethodRunnable.java:44)
	at java.util.concurrent.Executors$RunnableAdapter.call(Executors.java:511)
	at java.util.concurrent.FutureTask.run(FutureTask.java:266)
	at java.util.concurrent.ThreadPoolExecutor.runWorker(ThreadPoolExecutor.java:1149)
	at java.util.concurrent.ThreadPoolExecutor$Worker.run(ThreadPoolExecutor.java:624)
	at java.lang.Thread.run(Thread.java:748)
</pre></div></td>
<td>3</td>
<td>com.g2academy.testcases.loginmenu.TC_ForgotPassword@22f71333</td></tr>
<tr>
<td title='com.g2academy.testcases.loginmenu.TC_ForgotPassword.testForgotPassword()'><b>testForgotPassword</b><br>Test class: com.g2academy.testcases.loginmenu.TC_ForgotPassword<br>Parameters: negative case - invalid status otp code (timeout), +6281252930398, testforgotpasswordbackend@gmail.com, 200, 200, OTP, TRUE, false, -, 500, Internal Server Error, -, -, -, -</td>
<td><div><pre>java.lang.AssertionError: expected [200] but found [500]
	at com.g2academy.base.Assertion.statusCode(Assertion.java:8)
	at com.g2academy.testcases.loginmenu.TC_ForgotPassword.testForgotPassword(TC_ForgotPassword.java:95)
	at java.util.concurrent.Executors$RunnableAdapter.call(Executors.java:511)
	at java.util.concurrent.FutureTask.run(FutureTask.java:266)
	at java.util.concurrent.ThreadPoolExecutor.runWorker(ThreadPoolExecutor.java:1149)
	at java.util.concurrent.ThreadPoolExecutor$Worker.run(ThreadPoolExecutor.java:624)
	at java.lang.Thread.run(Thread.java:748)
... Removed 12 stack frames</pre></div><a href='#' onClick='toggleBox("stack-trace999211009", this, "Click to show all stack frames", "Click to hide stack frames")'>Click to show all stack frames</a>
<div class='stack-trace' id='stack-trace999211009'><pre>java.lang.AssertionError: expected [200] but found [500]
	at org.testng.Assert.fail(Assert.java:96)
	at org.testng.Assert.failNotEquals(Assert.java:776)
	at org.testng.Assert.assertEqualsImpl(Assert.java:137)
	at org.testng.Assert.assertEquals(Assert.java:118)
	at org.testng.Assert.assertEquals(Assert.java:652)
	at org.testng.Assert.assertEquals(Assert.java:662)
	at com.g2academy.base.Assertion.statusCode(Assertion.java:8)
	at com.g2academy.testcases.loginmenu.TC_ForgotPassword.testForgotPassword(TC_ForgotPassword.java:95)
	at sun.reflect.GeneratedMethodAccessor131.invoke(Unknown Source)
	at sun.reflect.DelegatingMethodAccessorImpl.invoke(DelegatingMethodAccessorImpl.java:43)
	at java.lang.reflect.Method.invoke(Method.java:498)
	at org.testng.internal.MethodInvocationHelper.invokeMethod(MethodInvocationHelper.java:124)
	at org.testng.internal.InvokeMethodRunnable.runOne(InvokeMethodRunnable.java:54)
	at org.testng.internal.InvokeMethodRunnable.run(InvokeMethodRunnable.java:44)
	at java.util.concurrent.Executors$RunnableAdapter.call(Executors.java:511)
	at java.util.concurrent.FutureTask.run(FutureTask.java:266)
	at java.util.concurrent.ThreadPoolExecutor.runWorker(ThreadPoolExecutor.java:1149)
	at java.util.concurrent.ThreadPoolExecutor$Worker.run(ThreadPoolExecutor.java:624)
	at java.lang.Thread.run(Thread.java:748)
</pre></div></td>
<td>3</td>
<td>com.g2academy.testcases.loginmenu.TC_ForgotPassword@22f71333</td></tr>
<tr>
<td title='com.g2academy.testcases.loginmenu.TC_ForgotPassword.testForgotPassword()'><b>testForgotPassword</b><br>Test class: com.g2academy.testcases.loginmenu.TC_ForgotPassword<br>Parameters: negative case - invalid otp code, +6281252930398, testforgotpasswordbackend@gmail.com, 200, 200, OTP, 1256, true, -, 500, Internal Server Error, -, -, -, -</td>
<td><div><pre>java.lang.AssertionError: expected [200] but found [500]
	at com.g2academy.base.Assertion.statusCode(Assertion.java:8)
	at com.g2academy.testcases.loginmenu.TC_ForgotPassword.testForgotPassword(TC_ForgotPassword.java:95)
	at java.util.concurrent.Executors$RunnableAdapter.call(Executors.java:511)
	at java.util.concurrent.FutureTask.run(FutureTask.java:266)
	at java.util.concurrent.ThreadPoolExecutor.runWorker(ThreadPoolExecutor.java:1149)
	at java.util.concurrent.ThreadPoolExecutor$Worker.run(ThreadPoolExecutor.java:624)
	at java.lang.Thread.run(Thread.java:748)
... Removed 12 stack frames</pre></div><a href='#' onClick='toggleBox("stack-trace823263265", this, "Click to show all stack frames", "Click to hide stack frames")'>Click to show all stack frames</a>
<div class='stack-trace' id='stack-trace823263265'><pre>java.lang.AssertionError: expected [200] but found [500]
	at org.testng.Assert.fail(Assert.java:96)
	at org.testng.Assert.failNotEquals(Assert.java:776)
	at org.testng.Assert.assertEqualsImpl(Assert.java:137)
	at org.testng.Assert.assertEquals(Assert.java:118)
	at org.testng.Assert.assertEquals(Assert.java:652)
	at org.testng.Assert.assertEquals(Assert.java:662)
	at com.g2academy.base.Assertion.statusCode(Assertion.java:8)
	at com.g2academy.testcases.loginmenu.TC_ForgotPassword.testForgotPassword(TC_ForgotPassword.java:95)
	at sun.reflect.GeneratedMethodAccessor131.invoke(Unknown Source)
	at sun.reflect.DelegatingMethodAccessorImpl.invoke(DelegatingMethodAccessorImpl.java:43)
	at java.lang.reflect.Method.invoke(Method.java:498)
	at org.testng.internal.MethodInvocationHelper.invokeMethod(MethodInvocationHelper.java:124)
	at org.testng.internal.InvokeMethodRunnable.runOne(InvokeMethodRunnable.java:54)
	at org.testng.internal.InvokeMethodRunnable.run(InvokeMethodRunnable.java:44)
	at java.util.concurrent.Executors$RunnableAdapter.call(Executors.java:511)
	at java.util.concurrent.FutureTask.run(FutureTask.java:266)
	at java.util.concurrent.ThreadPoolExecutor.runWorker(ThreadPoolExecutor.java:1149)
	at java.util.concurrent.ThreadPoolExecutor$Worker.run(ThreadPoolExecutor.java:624)
	at java.lang.Thread.run(Thread.java:748)
</pre></div></td>
<td>2</td>
<td>com.g2academy.testcases.loginmenu.TC_ForgotPassword@22f71333</td></tr>
<tr>
<td title='com.g2academy.testcases.loginmenu.TC_ForgotPassword.testForgotPassword()'><b>testForgotPassword</b><br>Test class: com.g2academy.testcases.loginmenu.TC_ForgotPassword<br>Parameters: positif case - valid token, +6281252930398, testforgotpasswordbackend@gmail.com, 200, 200, TOKEN, -, -, TRUE, 200, Your token has been reset, Password12345@@, Password12345@@, 200, +6281252930398</td>
<td><div><pre>java.lang.AssertionError: expected [200] but found [500]
	at com.g2academy.base.Assertion.statusCode(Assertion.java:8)
	at com.g2academy.testcases.loginmenu.TC_ForgotPassword.testForgotPassword(TC_ForgotPassword.java:95)
	at java.util.concurrent.Executors$RunnableAdapter.call(Executors.java:511)
	at java.util.concurrent.FutureTask.run(FutureTask.java:266)
	at java.util.concurrent.ThreadPoolExecutor.runWorker(ThreadPoolExecutor.java:1149)
	at java.util.concurrent.ThreadPoolExecutor$Worker.run(ThreadPoolExecutor.java:624)
	at java.lang.Thread.run(Thread.java:748)
... Removed 12 stack frames</pre></div><a href='#' onClick='toggleBox("stack-trace2078470810", this, "Click to show all stack frames", "Click to hide stack frames")'>Click to show all stack frames</a>
<div class='stack-trace' id='stack-trace2078470810'><pre>java.lang.AssertionError: expected [200] but found [500]
	at org.testng.Assert.fail(Assert.java:96)
	at org.testng.Assert.failNotEquals(Assert.java:776)
	at org.testng.Assert.assertEqualsImpl(Assert.java:137)
	at org.testng.Assert.assertEquals(Assert.java:118)
	at org.testng.Assert.assertEquals(Assert.java:652)
	at org.testng.Assert.assertEquals(Assert.java:662)
	at com.g2academy.base.Assertion.statusCode(Assertion.java:8)
	at com.g2academy.testcases.loginmenu.TC_ForgotPassword.testForgotPassword(TC_ForgotPassword.java:95)
	at sun.reflect.GeneratedMethodAccessor131.invoke(Unknown Source)
	at sun.reflect.DelegatingMethodAccessorImpl.invoke(DelegatingMethodAccessorImpl.java:43)
	at java.lang.reflect.Method.invoke(Method.java:498)
	at org.testng.internal.MethodInvocationHelper.invokeMethod(MethodInvocationHelper.java:124)
	at org.testng.internal.InvokeMethodRunnable.runOne(InvokeMethodRunnable.java:54)
	at org.testng.internal.InvokeMethodRunnable.run(InvokeMethodRunnable.java:44)
	at java.util.concurrent.Executors$RunnableAdapter.call(Executors.java:511)
	at java.util.concurrent.FutureTask.run(FutureTask.java:266)
	at java.util.concurrent.ThreadPoolExecutor.runWorker(ThreadPoolExecutor.java:1149)
	at java.util.concurrent.ThreadPoolExecutor$Worker.run(ThreadPoolExecutor.java:624)
	at java.lang.Thread.run(Thread.java:748)
</pre></div></td>
<td>2</td>
<td>com.g2academy.testcases.loginmenu.TC_ForgotPassword@22f71333</td></tr>
<tr>
<td title='com.g2academy.testcases.loginmenu.TC_ForgotPassword.testForgotPassword()'><b>testForgotPassword</b><br>Test class: com.g2academy.testcases.loginmenu.TC_ForgotPassword<br>Parameters: negative case - invalid token, +6281252930398, testforgotpasswordbackend@gmail.com, 200, 200, TOKEN, -, -, token-salah, 500, Internal Server Error, -, -, -, -</td>
<td><div><pre>java.lang.AssertionError: expected [200] but found [500]
	at com.g2academy.base.Assertion.statusCode(Assertion.java:8)
	at com.g2academy.testcases.loginmenu.TC_ForgotPassword.testForgotPassword(TC_ForgotPassword.java:95)
	at java.util.concurrent.Executors$RunnableAdapter.call(Executors.java:511)
	at java.util.concurrent.FutureTask.run(FutureTask.java:266)
	at java.util.concurrent.ThreadPoolExecutor.runWorker(ThreadPoolExecutor.java:1149)
	at java.util.concurrent.ThreadPoolExecutor$Worker.run(ThreadPoolExecutor.java:624)
	at java.lang.Thread.run(Thread.java:748)
... Removed 12 stack frames</pre></div><a href='#' onClick='toggleBox("stack-trace890160784", this, "Click to show all stack frames", "Click to hide stack frames")'>Click to show all stack frames</a>
<div class='stack-trace' id='stack-trace890160784'><pre>java.lang.AssertionError: expected [200] but found [500]
	at org.testng.Assert.fail(Assert.java:96)
	at org.testng.Assert.failNotEquals(Assert.java:776)
	at org.testng.Assert.assertEqualsImpl(Assert.java:137)
	at org.testng.Assert.assertEquals(Assert.java:118)
	at org.testng.Assert.assertEquals(Assert.java:652)
	at org.testng.Assert.assertEquals(Assert.java:662)
	at com.g2academy.base.Assertion.statusCode(Assertion.java:8)
	at com.g2academy.testcases.loginmenu.TC_ForgotPassword.testForgotPassword(TC_ForgotPassword.java:95)
	at sun.reflect.GeneratedMethodAccessor131.invoke(Unknown Source)
	at sun.reflect.DelegatingMethodAccessorImpl.invoke(DelegatingMethodAccessorImpl.java:43)
	at java.lang.reflect.Method.invoke(Method.java:498)
	at org.testng.internal.MethodInvocationHelper.invokeMethod(MethodInvocationHelper.java:124)
	at org.testng.internal.InvokeMethodRunnable.runOne(InvokeMethodRunnable.java:54)
	at org.testng.internal.InvokeMethodRunnable.run(InvokeMethodRunnable.java:44)
	at java.util.concurrent.Executors$RunnableAdapter.call(Executors.java:511)
	at java.util.concurrent.FutureTask.run(FutureTask.java:266)
	at java.util.concurrent.ThreadPoolExecutor.runWorker(ThreadPoolExecutor.java:1149)
	at java.util.concurrent.ThreadPoolExecutor$Worker.run(ThreadPoolExecutor.java:624)
	at java.lang.Thread.run(Thread.java:748)
</pre></div></td>
<td>2</td>
<td>com.g2academy.testcases.loginmenu.TC_ForgotPassword@22f71333</td></tr>
<tr>
<td title='com.g2academy.testcases.loginmenu.TC_ForgotPassword.testForgotPassword()'><b>testForgotPassword</b><br>Test class: com.g2academy.testcases.loginmenu.TC_ForgotPassword<br>Parameters: negative case - invalid new password, invalid confirm new password, +6281252930398, testforgotpasswordbackend@gmail.com, 200, 200, OTP, TRUE, true, -, 200, Your token has been reset, PasswordSalah@@, PasswordSalah@@, 400, 400</td>
<td><div><pre>java.lang.AssertionError: expected [200] but found [500]
	at com.g2academy.base.Assertion.statusCode(Assertion.java:8)
	at com.g2academy.testcases.loginmenu.TC_ForgotPassword.testForgotPassword(TC_ForgotPassword.java:95)
	at java.util.concurrent.Executors$RunnableAdapter.call(Executors.java:511)
	at java.util.concurrent.FutureTask.run(FutureTask.java:266)
	at java.util.concurrent.ThreadPoolExecutor.runWorker(ThreadPoolExecutor.java:1149)
	at java.util.concurrent.ThreadPoolExecutor$Worker.run(ThreadPoolExecutor.java:624)
	at java.lang.Thread.run(Thread.java:748)
... Removed 12 stack frames</pre></div><a href='#' onClick='toggleBox("stack-trace623224248", this, "Click to show all stack frames", "Click to hide stack frames")'>Click to show all stack frames</a>
<div class='stack-trace' id='stack-trace623224248'><pre>java.lang.AssertionError: expected [200] but found [500]
	at org.testng.Assert.fail(Assert.java:96)
	at org.testng.Assert.failNotEquals(Assert.java:776)
	at org.testng.Assert.assertEqualsImpl(Assert.java:137)
	at org.testng.Assert.assertEquals(Assert.java:118)
	at org.testng.Assert.assertEquals(Assert.java:652)
	at org.testng.Assert.assertEquals(Assert.java:662)
	at com.g2academy.base.Assertion.statusCode(Assertion.java:8)
	at com.g2academy.testcases.loginmenu.TC_ForgotPassword.testForgotPassword(TC_ForgotPassword.java:95)
	at sun.reflect.GeneratedMethodAccessor131.invoke(Unknown Source)
	at sun.reflect.DelegatingMethodAccessorImpl.invoke(DelegatingMethodAccessorImpl.java:43)
	at java.lang.reflect.Method.invoke(Method.java:498)
	at org.testng.internal.MethodInvocationHelper.invokeMethod(MethodInvocationHelper.java:124)
	at org.testng.internal.InvokeMethodRunnable.runOne(InvokeMethodRunnable.java:54)
	at org.testng.internal.InvokeMethodRunnable.run(InvokeMethodRunnable.java:44)
	at java.util.concurrent.Executors$RunnableAdapter.call(Executors.java:511)
	at java.util.concurrent.FutureTask.run(FutureTask.java:266)
	at java.util.concurrent.ThreadPoolExecutor.runWorker(ThreadPoolExecutor.java:1149)
	at java.util.concurrent.ThreadPoolExecutor$Worker.run(ThreadPoolExecutor.java:624)
	at java.lang.Thread.run(Thread.java:748)
</pre></div></td>
<td>2</td>
<td>com.g2academy.testcases.loginmenu.TC_ForgotPassword@22f71333</td></tr>
<tr>
<td title='com.g2academy.testcases.loginmenu.TC_ForgotPassword.testForgotPassword()'><b>testForgotPassword</b><br>Test class: com.g2academy.testcases.loginmenu.TC_ForgotPassword<br>Parameters: negative case - invalid new password, valid confirm new password, +6281252930398, testforgotpasswordbackend@gmail.com, 200, 200, OTP, TRUE, true, -, 200, Your token has been reset, PasswordSalah@@, Password12345@@, 400, 400</td>
<td><div><pre>java.lang.AssertionError: expected [200] but found [500]
	at com.g2academy.base.Assertion.statusCode(Assertion.java:8)
	at com.g2academy.testcases.loginmenu.TC_ForgotPassword.testForgotPassword(TC_ForgotPassword.java:95)
	at java.util.concurrent.Executors$RunnableAdapter.call(Executors.java:511)
	at java.util.concurrent.FutureTask.run(FutureTask.java:266)
	at java.util.concurrent.ThreadPoolExecutor.runWorker(ThreadPoolExecutor.java:1149)
	at java.util.concurrent.ThreadPoolExecutor$Worker.run(ThreadPoolExecutor.java:624)
	at java.lang.Thread.run(Thread.java:748)
... Removed 12 stack frames</pre></div><a href='#' onClick='toggleBox("stack-trace1198952052", this, "Click to show all stack frames", "Click to hide stack frames")'>Click to show all stack frames</a>
<div class='stack-trace' id='stack-trace1198952052'><pre>java.lang.AssertionError: expected [200] but found [500]
	at org.testng.Assert.fail(Assert.java:96)
	at org.testng.Assert.failNotEquals(Assert.java:776)
	at org.testng.Assert.assertEqualsImpl(Assert.java:137)
	at org.testng.Assert.assertEquals(Assert.java:118)
	at org.testng.Assert.assertEquals(Assert.java:652)
	at org.testng.Assert.assertEquals(Assert.java:662)
	at com.g2academy.base.Assertion.statusCode(Assertion.java:8)
	at com.g2academy.testcases.loginmenu.TC_ForgotPassword.testForgotPassword(TC_ForgotPassword.java:95)
	at sun.reflect.GeneratedMethodAccessor131.invoke(Unknown Source)
	at sun.reflect.DelegatingMethodAccessorImpl.invoke(DelegatingMethodAccessorImpl.java:43)
	at java.lang.reflect.Method.invoke(Method.java:498)
	at org.testng.internal.MethodInvocationHelper.invokeMethod(MethodInvocationHelper.java:124)
	at org.testng.internal.InvokeMethodRunnable.runOne(InvokeMethodRunnable.java:54)
	at org.testng.internal.InvokeMethodRunnable.run(InvokeMethodRunnable.java:44)
	at java.util.concurrent.Executors$RunnableAdapter.call(Executors.java:511)
	at java.util.concurrent.FutureTask.run(FutureTask.java:266)
	at java.util.concurrent.ThreadPoolExecutor.runWorker(ThreadPoolExecutor.java:1149)
	at java.util.concurrent.ThreadPoolExecutor$Worker.run(ThreadPoolExecutor.java:624)
	at java.lang.Thread.run(Thread.java:748)
</pre></div></td>
<td>3</td>
<td>com.g2academy.testcases.loginmenu.TC_ForgotPassword@22f71333</td></tr>
<tr>
<td title='com.g2academy.testcases.loginmenu.TC_ForgotPassword.testForgotPassword()'><b>testForgotPassword</b><br>Test class: com.g2academy.testcases.loginmenu.TC_ForgotPassword<br>Parameters: negative case - valid new password, invalid confirm new password, +6281252930398, testforgotpasswordbackend@gmail.com, 200, 200, OTP, TRUE, true, -, 200, Your token has been reset, Password12345@@, PasswordSalah@@, 400, 400</td>
<td><div><pre>java.lang.AssertionError: expected [200] but found [500]
	at com.g2academy.base.Assertion.statusCode(Assertion.java:8)
	at com.g2academy.testcases.loginmenu.TC_ForgotPassword.testForgotPassword(TC_ForgotPassword.java:95)
	at java.util.concurrent.Executors$RunnableAdapter.call(Executors.java:511)
	at java.util.concurrent.FutureTask.run(FutureTask.java:266)
	at java.util.concurrent.ThreadPoolExecutor.runWorker(ThreadPoolExecutor.java:1149)
	at java.util.concurrent.ThreadPoolExecutor$Worker.run(ThreadPoolExecutor.java:624)
	at java.lang.Thread.run(Thread.java:748)
... Removed 12 stack frames</pre></div><a href='#' onClick='toggleBox("stack-trace2140617236", this, "Click to show all stack frames", "Click to hide stack frames")'>Click to show all stack frames</a>
<div class='stack-trace' id='stack-trace2140617236'><pre>java.lang.AssertionError: expected [200] but found [500]
	at org.testng.Assert.fail(Assert.java:96)
	at org.testng.Assert.failNotEquals(Assert.java:776)
	at org.testng.Assert.assertEqualsImpl(Assert.java:137)
	at org.testng.Assert.assertEquals(Assert.java:118)
	at org.testng.Assert.assertEquals(Assert.java:652)
	at org.testng.Assert.assertEquals(Assert.java:662)
	at com.g2academy.base.Assertion.statusCode(Assertion.java:8)
	at com.g2academy.testcases.loginmenu.TC_ForgotPassword.testForgotPassword(TC_ForgotPassword.java:95)
	at sun.reflect.GeneratedMethodAccessor131.invoke(Unknown Source)
	at sun.reflect.DelegatingMethodAccessorImpl.invoke(DelegatingMethodAccessorImpl.java:43)
	at java.lang.reflect.Method.invoke(Method.java:498)
	at org.testng.internal.MethodInvocationHelper.invokeMethod(MethodInvocationHelper.java:124)
	at org.testng.internal.InvokeMethodRunnable.runOne(InvokeMethodRunnable.java:54)
	at org.testng.internal.InvokeMethodRunnable.run(InvokeMethodRunnable.java:44)
	at java.util.concurrent.Executors$RunnableAdapter.call(Executors.java:511)
	at java.util.concurrent.FutureTask.run(FutureTask.java:266)
	at java.util.concurrent.ThreadPoolExecutor.runWorker(ThreadPoolExecutor.java:1149)
	at java.util.concurrent.ThreadPoolExecutor$Worker.run(ThreadPoolExecutor.java:624)
	at java.lang.Thread.run(Thread.java:748)
</pre></div></td>
<td>2</td>
<td>com.g2academy.testcases.loginmenu.TC_ForgotPassword@22f71333</td></tr>
<tr>
<td title='com.g2academy.testcases.loginmenu.TC_ForgotPassword.testForgotPassword()'><b>testForgotPassword</b><br>Test class: com.g2academy.testcases.loginmenu.TC_ForgotPassword<br>Parameters: positive case - valid new password, valid confirm new password, +6281252930398, testforgotpasswordbackend@gmail.com, 200, 200, OTP, -, -, TRUE, 200, Your token has been reset, Password12345@@, Password12345@@, 200, +6281252930398</td>
<td><div><pre>java.lang.AssertionError: expected [200] but found [500]
	at com.g2academy.base.Assertion.statusCode(Assertion.java:8)
	at com.g2academy.testcases.loginmenu.TC_ForgotPassword.testForgotPassword(TC_ForgotPassword.java:95)
	at java.util.concurrent.Executors$RunnableAdapter.call(Executors.java:511)
	at java.util.concurrent.FutureTask.run(FutureTask.java:266)
	at java.util.concurrent.ThreadPoolExecutor.runWorker(ThreadPoolExecutor.java:1149)
	at java.util.concurrent.ThreadPoolExecutor$Worker.run(ThreadPoolExecutor.java:624)
	at java.lang.Thread.run(Thread.java:748)
... Removed 12 stack frames</pre></div><a href='#' onClick='toggleBox("stack-trace486286648", this, "Click to show all stack frames", "Click to hide stack frames")'>Click to show all stack frames</a>
<div class='stack-trace' id='stack-trace486286648'><pre>java.lang.AssertionError: expected [200] but found [500]
	at org.testng.Assert.fail(Assert.java:96)
	at org.testng.Assert.failNotEquals(Assert.java:776)
	at org.testng.Assert.assertEqualsImpl(Assert.java:137)
	at org.testng.Assert.assertEquals(Assert.java:118)
	at org.testng.Assert.assertEquals(Assert.java:652)
	at org.testng.Assert.assertEquals(Assert.java:662)
	at com.g2academy.base.Assertion.statusCode(Assertion.java:8)
	at com.g2academy.testcases.loginmenu.TC_ForgotPassword.testForgotPassword(TC_ForgotPassword.java:95)
	at sun.reflect.GeneratedMethodAccessor131.invoke(Unknown Source)
	at sun.reflect.DelegatingMethodAccessorImpl.invoke(DelegatingMethodAccessorImpl.java:43)
	at java.lang.reflect.Method.invoke(Method.java:498)
	at org.testng.internal.MethodInvocationHelper.invokeMethod(MethodInvocationHelper.java:124)
	at org.testng.internal.InvokeMethodRunnable.runOne(InvokeMethodRunnable.java:54)
	at org.testng.internal.InvokeMethodRunnable.run(InvokeMethodRunnable.java:44)
	at java.util.concurrent.Executors$RunnableAdapter.call(Executors.java:511)
	at java.util.concurrent.FutureTask.run(FutureTask.java:266)
	at java.util.concurrent.ThreadPoolExecutor.runWorker(ThreadPoolExecutor.java:1149)
	at java.util.concurrent.ThreadPoolExecutor$Worker.run(ThreadPoolExecutor.java:624)
	at java.lang.Thread.run(Thread.java:748)
</pre></div></td>
<td>3</td>
<td>com.g2academy.testcases.loginmenu.TC_ForgotPassword@22f71333</td></tr>
<tr>
<td title='com.g2academy.testcases.loginmenu.TC_ForgotPassword.testForgotPassword()'><b>testForgotPassword</b><br>Test class: com.g2academy.testcases.loginmenu.TC_ForgotPassword<br>Parameters: negative case - invalid new password (no lower case alphabetical character), +6281252930398, testforgotpasswordbackend@gmail.com, 200, 200, OTP, -, -, TRUE, 200, Your token has been reset, PASSWORD12345@@, Password12345@@, 400, 400</td>
<td><div><pre>java.lang.AssertionError: expected [200] but found [500]
	at com.g2academy.base.Assertion.statusCode(Assertion.java:8)
	at com.g2academy.testcases.loginmenu.TC_ForgotPassword.testForgotPassword(TC_ForgotPassword.java:95)
	at java.util.concurrent.Executors$RunnableAdapter.call(Executors.java:511)
	at java.util.concurrent.FutureTask.run(FutureTask.java:266)
	at java.util.concurrent.ThreadPoolExecutor.runWorker(ThreadPoolExecutor.java:1149)
	at java.util.concurrent.ThreadPoolExecutor$Worker.run(ThreadPoolExecutor.java:624)
	at java.lang.Thread.run(Thread.java:748)
... Removed 12 stack frames</pre></div><a href='#' onClick='toggleBox("stack-trace1120671806", this, "Click to show all stack frames", "Click to hide stack frames")'>Click to show all stack frames</a>
<div class='stack-trace' id='stack-trace1120671806'><pre>java.lang.AssertionError: expected [200] but found [500]
	at org.testng.Assert.fail(Assert.java:96)
	at org.testng.Assert.failNotEquals(Assert.java:776)
	at org.testng.Assert.assertEqualsImpl(Assert.java:137)
	at org.testng.Assert.assertEquals(Assert.java:118)
	at org.testng.Assert.assertEquals(Assert.java:652)
	at org.testng.Assert.assertEquals(Assert.java:662)
	at com.g2academy.base.Assertion.statusCode(Assertion.java:8)
	at com.g2academy.testcases.loginmenu.TC_ForgotPassword.testForgotPassword(TC_ForgotPassword.java:95)
	at sun.reflect.GeneratedMethodAccessor131.invoke(Unknown Source)
	at sun.reflect.DelegatingMethodAccessorImpl.invoke(DelegatingMethodAccessorImpl.java:43)
	at java.lang.reflect.Method.invoke(Method.java:498)
	at org.testng.internal.MethodInvocationHelper.invokeMethod(MethodInvocationHelper.java:124)
	at org.testng.internal.InvokeMethodRunnable.runOne(InvokeMethodRunnable.java:54)
	at org.testng.internal.InvokeMethodRunnable.run(InvokeMethodRunnable.java:44)
	at java.util.concurrent.Executors$RunnableAdapter.call(Executors.java:511)
	at java.util.concurrent.FutureTask.run(FutureTask.java:266)
	at java.util.concurrent.ThreadPoolExecutor.runWorker(ThreadPoolExecutor.java:1149)
	at java.util.concurrent.ThreadPoolExecutor$Worker.run(ThreadPoolExecutor.java:624)
	at java.lang.Thread.run(Thread.java:748)
</pre></div></td>
<td>2</td>
<td>com.g2academy.testcases.loginmenu.TC_ForgotPassword@22f71333</td></tr>
<tr>
<td title='com.g2academy.testcases.loginmenu.TC_ForgotPassword.testForgotPassword()'><b>testForgotPassword</b><br>Test class: com.g2academy.testcases.loginmenu.TC_ForgotPassword<br>Parameters: negative case - invalid new password (no upper case alphabetical character), +6281252930398, testforgotpasswordbackend@gmail.com, 200, 200, OTP, -, -, TRUE, 200, Your token has been reset, password12345, Password12345@@, 400, 400</td>
<td><div><pre>java.lang.AssertionError: expected [200] but found [500]
	at com.g2academy.base.Assertion.statusCode(Assertion.java:8)
	at com.g2academy.testcases.loginmenu.TC_ForgotPassword.testForgotPassword(TC_ForgotPassword.java:95)
	at java.util.concurrent.Executors$RunnableAdapter.call(Executors.java:511)
	at java.util.concurrent.FutureTask.run(FutureTask.java:266)
	at java.util.concurrent.ThreadPoolExecutor.runWorker(ThreadPoolExecutor.java:1149)
	at java.util.concurrent.ThreadPoolExecutor$Worker.run(ThreadPoolExecutor.java:624)
	at java.lang.Thread.run(Thread.java:748)
... Removed 12 stack frames</pre></div><a href='#' onClick='toggleBox("stack-trace1789376127", this, "Click to show all stack frames", "Click to hide stack frames")'>Click to show all stack frames</a>
<div class='stack-trace' id='stack-trace1789376127'><pre>java.lang.AssertionError: expected [200] but found [500]
	at org.testng.Assert.fail(Assert.java:96)
	at org.testng.Assert.failNotEquals(Assert.java:776)
	at org.testng.Assert.assertEqualsImpl(Assert.java:137)
	at org.testng.Assert.assertEquals(Assert.java:118)
	at org.testng.Assert.assertEquals(Assert.java:652)
	at org.testng.Assert.assertEquals(Assert.java:662)
	at com.g2academy.base.Assertion.statusCode(Assertion.java:8)
	at com.g2academy.testcases.loginmenu.TC_ForgotPassword.testForgotPassword(TC_ForgotPassword.java:95)
	at sun.reflect.GeneratedMethodAccessor131.invoke(Unknown Source)
	at sun.reflect.DelegatingMethodAccessorImpl.invoke(DelegatingMethodAccessorImpl.java:43)
	at java.lang.reflect.Method.invoke(Method.java:498)
	at org.testng.internal.MethodInvocationHelper.invokeMethod(MethodInvocationHelper.java:124)
	at org.testng.internal.InvokeMethodRunnable.runOne(InvokeMethodRunnable.java:54)
	at org.testng.internal.InvokeMethodRunnable.run(InvokeMethodRunnable.java:44)
	at java.util.concurrent.Executors$RunnableAdapter.call(Executors.java:511)
	at java.util.concurrent.FutureTask.run(FutureTask.java:266)
	at java.util.concurrent.ThreadPoolExecutor.runWorker(ThreadPoolExecutor.java:1149)
	at java.util.concurrent.ThreadPoolExecutor$Worker.run(ThreadPoolExecutor.java:624)
	at java.lang.Thread.run(Thread.java:748)
</pre></div></td>
<td>3</td>
<td>com.g2academy.testcases.loginmenu.TC_ForgotPassword@22f71333</td></tr>
<tr>
<td title='com.g2academy.testcases.loginmenu.TC_ForgotPassword.testForgotPassword()'><b>testForgotPassword</b><br>Test class: com.g2academy.testcases.loginmenu.TC_ForgotPassword<br>Parameters: negative case - invalid new  password (no special character), +6281252930398, testforgotpasswordbackend@gmail.com, 200, 200, OTP, -, -, TRUE, 200, Your token has been reset, Password12345, Password12345@@, 400, 400</td>
<td><div><pre>java.lang.AssertionError: expected [200] but found [500]
	at com.g2academy.base.Assertion.statusCode(Assertion.java:8)
	at com.g2academy.testcases.loginmenu.TC_ForgotPassword.testForgotPassword(TC_ForgotPassword.java:95)
	at java.util.concurrent.Executors$RunnableAdapter.call(Executors.java:511)
	at java.util.concurrent.FutureTask.run(FutureTask.java:266)
	at java.util.concurrent.ThreadPoolExecutor.runWorker(ThreadPoolExecutor.java:1149)
	at java.util.concurrent.ThreadPoolExecutor$Worker.run(ThreadPoolExecutor.java:624)
	at java.lang.Thread.run(Thread.java:748)
... Removed 12 stack frames</pre></div><a href='#' onClick='toggleBox("stack-trace1810790719", this, "Click to show all stack frames", "Click to hide stack frames")'>Click to show all stack frames</a>
<div class='stack-trace' id='stack-trace1810790719'><pre>java.lang.AssertionError: expected [200] but found [500]
	at org.testng.Assert.fail(Assert.java:96)
	at org.testng.Assert.failNotEquals(Assert.java:776)
	at org.testng.Assert.assertEqualsImpl(Assert.java:137)
	at org.testng.Assert.assertEquals(Assert.java:118)
	at org.testng.Assert.assertEquals(Assert.java:652)
	at org.testng.Assert.assertEquals(Assert.java:662)
	at com.g2academy.base.Assertion.statusCode(Assertion.java:8)
	at com.g2academy.testcases.loginmenu.TC_ForgotPassword.testForgotPassword(TC_ForgotPassword.java:95)
	at sun.reflect.GeneratedMethodAccessor131.invoke(Unknown Source)
	at sun.reflect.DelegatingMethodAccessorImpl.invoke(DelegatingMethodAccessorImpl.java:43)
	at java.lang.reflect.Method.invoke(Method.java:498)
	at org.testng.internal.MethodInvocationHelper.invokeMethod(MethodInvocationHelper.java:124)
	at org.testng.internal.InvokeMethodRunnable.runOne(InvokeMethodRunnable.java:54)
	at org.testng.internal.InvokeMethodRunnable.run(InvokeMethodRunnable.java:44)
	at java.util.concurrent.Executors$RunnableAdapter.call(Executors.java:511)
	at java.util.concurrent.FutureTask.run(FutureTask.java:266)
	at java.util.concurrent.ThreadPoolExecutor.runWorker(ThreadPoolExecutor.java:1149)
	at java.util.concurrent.ThreadPoolExecutor$Worker.run(ThreadPoolExecutor.java:624)
	at java.lang.Thread.run(Thread.java:748)
</pre></div></td>
<td>2</td>
<td>com.g2academy.testcases.loginmenu.TC_ForgotPassword@22f71333</td></tr>
<tr>
<td title='com.g2academy.testcases.loginmenu.TC_ForgotPassword.testForgotPassword()'><b>testForgotPassword</b><br>Test class: com.g2academy.testcases.loginmenu.TC_ForgotPassword<br>Parameters: negative case - invalid new password (no numerical character), +6281252930398, testforgotpasswordbackend@gmail.com, 200, 200, OTP, -, -, TRUE, 200, Your token has been reset, PasswordSalah@@, Password12345@@, 400, 400</td>
<td><div><pre>java.lang.AssertionError: expected [200] but found [500]
	at com.g2academy.base.Assertion.statusCode(Assertion.java:8)
	at com.g2academy.testcases.loginmenu.TC_ForgotPassword.testForgotPassword(TC_ForgotPassword.java:95)
	at java.util.concurrent.Executors$RunnableAdapter.call(Executors.java:511)
	at java.util.concurrent.FutureTask.run(FutureTask.java:266)
	at java.util.concurrent.ThreadPoolExecutor.runWorker(ThreadPoolExecutor.java:1149)
	at java.util.concurrent.ThreadPoolExecutor$Worker.run(ThreadPoolExecutor.java:624)
	at java.lang.Thread.run(Thread.java:748)
... Removed 12 stack frames</pre></div><a href='#' onClick='toggleBox("stack-trace780566650", this, "Click to show all stack frames", "Click to hide stack frames")'>Click to show all stack frames</a>
<div class='stack-trace' id='stack-trace780566650'><pre>java.lang.AssertionError: expected [200] but found [500]
	at org.testng.Assert.fail(Assert.java:96)
	at org.testng.Assert.failNotEquals(Assert.java:776)
	at org.testng.Assert.assertEqualsImpl(Assert.java:137)
	at org.testng.Assert.assertEquals(Assert.java:118)
	at org.testng.Assert.assertEquals(Assert.java:652)
	at org.testng.Assert.assertEquals(Assert.java:662)
	at com.g2academy.base.Assertion.statusCode(Assertion.java:8)
	at com.g2academy.testcases.loginmenu.TC_ForgotPassword.testForgotPassword(TC_ForgotPassword.java:95)
	at sun.reflect.GeneratedMethodAccessor131.invoke(Unknown Source)
	at sun.reflect.DelegatingMethodAccessorImpl.invoke(DelegatingMethodAccessorImpl.java:43)
	at java.lang.reflect.Method.invoke(Method.java:498)
	at org.testng.internal.MethodInvocationHelper.invokeMethod(MethodInvocationHelper.java:124)
	at org.testng.internal.InvokeMethodRunnable.runOne(InvokeMethodRunnable.java:54)
	at org.testng.internal.InvokeMethodRunnable.run(InvokeMethodRunnable.java:44)
	at java.util.concurrent.Executors$RunnableAdapter.call(Executors.java:511)
	at java.util.concurrent.FutureTask.run(FutureTask.java:266)
	at java.util.concurrent.ThreadPoolExecutor.runWorker(ThreadPoolExecutor.java:1149)
	at java.util.concurrent.ThreadPoolExecutor$Worker.run(ThreadPoolExecutor.java:624)
	at java.lang.Thread.run(Thread.java:748)
</pre></div></td>
<td>2</td>
<td>com.g2academy.testcases.loginmenu.TC_ForgotPassword@22f71333</td></tr>
<tr>
<td title='com.g2academy.testcases.loginmenu.TC_ForgotPassword.testForgotPassword()'><b>testForgotPassword</b><br>Test class: com.g2academy.testcases.loginmenu.TC_ForgotPassword<br>Parameters: negative case - invalid new password (below 8 characters), +6281252930398, testforgotpasswordbackend@gmail.com, 200, 200, OTP, -, -, TRUE, 200, Your token has been reset, Pwd123@, Password12345@@, 400, 400</td>
<td><div><pre>java.lang.AssertionError: expected [200] but found [500]
	at com.g2academy.base.Assertion.statusCode(Assertion.java:8)
	at com.g2academy.testcases.loginmenu.TC_ForgotPassword.testForgotPassword(TC_ForgotPassword.java:95)
	at java.util.concurrent.Executors$RunnableAdapter.call(Executors.java:511)
	at java.util.concurrent.FutureTask.run(FutureTask.java:266)
	at java.util.concurrent.ThreadPoolExecutor.runWorker(ThreadPoolExecutor.java:1149)
	at java.util.concurrent.ThreadPoolExecutor$Worker.run(ThreadPoolExecutor.java:624)
	at java.lang.Thread.run(Thread.java:748)
... Removed 12 stack frames</pre></div><a href='#' onClick='toggleBox("stack-trace969502280", this, "Click to show all stack frames", "Click to hide stack frames")'>Click to show all stack frames</a>
<div class='stack-trace' id='stack-trace969502280'><pre>java.lang.AssertionError: expected [200] but found [500]
	at org.testng.Assert.fail(Assert.java:96)
	at org.testng.Assert.failNotEquals(Assert.java:776)
	at org.testng.Assert.assertEqualsImpl(Assert.java:137)
	at org.testng.Assert.assertEquals(Assert.java:118)
	at org.testng.Assert.assertEquals(Assert.java:652)
	at org.testng.Assert.assertEquals(Assert.java:662)
	at com.g2academy.base.Assertion.statusCode(Assertion.java:8)
	at com.g2academy.testcases.loginmenu.TC_ForgotPassword.testForgotPassword(TC_ForgotPassword.java:95)
	at sun.reflect.GeneratedMethodAccessor131.invoke(Unknown Source)
	at sun.reflect.DelegatingMethodAccessorImpl.invoke(DelegatingMethodAccessorImpl.java:43)
	at java.lang.reflect.Method.invoke(Method.java:498)
	at org.testng.internal.MethodInvocationHelper.invokeMethod(MethodInvocationHelper.java:124)
	at org.testng.internal.InvokeMethodRunnable.runOne(InvokeMethodRunnable.java:54)
	at org.testng.internal.InvokeMethodRunnable.run(InvokeMethodRunnable.java:44)
	at java.util.concurrent.Executors$RunnableAdapter.call(Executors.java:511)
	at java.util.concurrent.FutureTask.run(FutureTask.java:266)
	at java.util.concurrent.ThreadPoolExecutor.runWorker(ThreadPoolExecutor.java:1149)
	at java.util.concurrent.ThreadPoolExecutor$Worker.run(ThreadPoolExecutor.java:624)
	at java.lang.Thread.run(Thread.java:748)
</pre></div></td>
<td>2</td>
<td>com.g2academy.testcases.loginmenu.TC_ForgotPassword@22f71333</td></tr>
<tr>
<td title='com.g2academy.testcases.loginmenu.TC_ForgotPassword.testForgotPassword()'><b>testForgotPassword</b><br>Test class: com.g2academy.testcases.loginmenu.TC_ForgotPassword<br>Parameters: negative case - invalid new password (exceed 16 characters), +6281252930398, testforgotpasswordbackend@gmail.com, 200, 200, OTP, -, -, TRUE, 200, Your token has been reset, PasswordMelebihi16Karakter@@, Password12345@@, 400, 400</td>
<td><div><pre>java.lang.AssertionError: expected [200] but found [500]
	at com.g2academy.base.Assertion.statusCode(Assertion.java:8)
	at com.g2academy.testcases.loginmenu.TC_ForgotPassword.testForgotPassword(TC_ForgotPassword.java:95)
	at java.util.concurrent.Executors$RunnableAdapter.call(Executors.java:511)
	at java.util.concurrent.FutureTask.run(FutureTask.java:266)
	at java.util.concurrent.ThreadPoolExecutor.runWorker(ThreadPoolExecutor.java:1149)
	at java.util.concurrent.ThreadPoolExecutor$Worker.run(ThreadPoolExecutor.java:624)
	at java.lang.Thread.run(Thread.java:748)
... Removed 12 stack frames</pre></div><a href='#' onClick='toggleBox("stack-trace977975287", this, "Click to show all stack frames", "Click to hide stack frames")'>Click to show all stack frames</a>
<div class='stack-trace' id='stack-trace977975287'><pre>java.lang.AssertionError: expected [200] but found [500]
	at org.testng.Assert.fail(Assert.java:96)
	at org.testng.Assert.failNotEquals(Assert.java:776)
	at org.testng.Assert.assertEqualsImpl(Assert.java:137)
	at org.testng.Assert.assertEquals(Assert.java:118)
	at org.testng.Assert.assertEquals(Assert.java:652)
	at org.testng.Assert.assertEquals(Assert.java:662)
	at com.g2academy.base.Assertion.statusCode(Assertion.java:8)
	at com.g2academy.testcases.loginmenu.TC_ForgotPassword.testForgotPassword(TC_ForgotPassword.java:95)
	at sun.reflect.GeneratedMethodAccessor131.invoke(Unknown Source)
	at sun.reflect.DelegatingMethodAccessorImpl.invoke(DelegatingMethodAccessorImpl.java:43)
	at java.lang.reflect.Method.invoke(Method.java:498)
	at org.testng.internal.MethodInvocationHelper.invokeMethod(MethodInvocationHelper.java:124)
	at org.testng.internal.InvokeMethodRunnable.runOne(InvokeMethodRunnable.java:54)
	at org.testng.internal.InvokeMethodRunnable.run(InvokeMethodRunnable.java:44)
	at java.util.concurrent.Executors$RunnableAdapter.call(Executors.java:511)
	at java.util.concurrent.FutureTask.run(FutureTask.java:266)
	at java.util.concurrent.ThreadPoolExecutor.runWorker(ThreadPoolExecutor.java:1149)
	at java.util.concurrent.ThreadPoolExecutor$Worker.run(ThreadPoolExecutor.java:624)
	at java.lang.Thread.run(Thread.java:748)
</pre></div></td>
<td>2</td>
<td>com.g2academy.testcases.loginmenu.TC_ForgotPassword@22f71333</td></tr>
<tr>
<td title='com.g2academy.testcases.loginmenu.TC_ForgotPassword.testForgotPassword()'><b>testForgotPassword</b><br>Test class: com.g2academy.testcases.loginmenu.TC_ForgotPassword<br>Parameters: negative case - invalid confirm new password (no lower case alphabetical character), +6281252930398, testforgotpasswordbackend@gmail.com, 200, 200, OTP, -, -, TRUE, 200, Your token has been reset, Password12345@@, PASSWORD12345@@, 400, 400</td>
<td><div><pre>java.lang.AssertionError: expected [200] but found [500]
	at com.g2academy.base.Assertion.statusCode(Assertion.java:8)
	at com.g2academy.testcases.loginmenu.TC_ForgotPassword.testForgotPassword(TC_ForgotPassword.java:95)
	at java.util.concurrent.Executors$RunnableAdapter.call(Executors.java:511)
	at java.util.concurrent.FutureTask.run(FutureTask.java:266)
	at java.util.concurrent.ThreadPoolExecutor.runWorker(ThreadPoolExecutor.java:1149)
	at java.util.concurrent.ThreadPoolExecutor$Worker.run(ThreadPoolExecutor.java:624)
	at java.lang.Thread.run(Thread.java:748)
... Removed 12 stack frames</pre></div><a href='#' onClick='toggleBox("stack-trace1013728905", this, "Click to show all stack frames", "Click to hide stack frames")'>Click to show all stack frames</a>
<div class='stack-trace' id='stack-trace1013728905'><pre>java.lang.AssertionError: expected [200] but found [500]
	at org.testng.Assert.fail(Assert.java:96)
	at org.testng.Assert.failNotEquals(Assert.java:776)
	at org.testng.Assert.assertEqualsImpl(Assert.java:137)
	at org.testng.Assert.assertEquals(Assert.java:118)
	at org.testng.Assert.assertEquals(Assert.java:652)
	at org.testng.Assert.assertEquals(Assert.java:662)
	at com.g2academy.base.Assertion.statusCode(Assertion.java:8)
	at com.g2academy.testcases.loginmenu.TC_ForgotPassword.testForgotPassword(TC_ForgotPassword.java:95)
	at sun.reflect.GeneratedMethodAccessor131.invoke(Unknown Source)
	at sun.reflect.DelegatingMethodAccessorImpl.invoke(DelegatingMethodAccessorImpl.java:43)
	at java.lang.reflect.Method.invoke(Method.java:498)
	at org.testng.internal.MethodInvocationHelper.invokeMethod(MethodInvocationHelper.java:124)
	at org.testng.internal.InvokeMethodRunnable.runOne(InvokeMethodRunnable.java:54)
	at org.testng.internal.InvokeMethodRunnable.run(InvokeMethodRunnable.java:44)
	at java.util.concurrent.Executors$RunnableAdapter.call(Executors.java:511)
	at java.util.concurrent.FutureTask.run(FutureTask.java:266)
	at java.util.concurrent.ThreadPoolExecutor.runWorker(ThreadPoolExecutor.java:1149)
	at java.util.concurrent.ThreadPoolExecutor$Worker.run(ThreadPoolExecutor.java:624)
	at java.lang.Thread.run(Thread.java:748)
</pre></div></td>
<td>2</td>
<td>com.g2academy.testcases.loginmenu.TC_ForgotPassword@22f71333</td></tr>
<tr>
<td title='com.g2academy.testcases.loginmenu.TC_ForgotPassword.testForgotPassword()'><b>testForgotPassword</b><br>Test class: com.g2academy.testcases.loginmenu.TC_ForgotPassword<br>Parameters: negative case - invalid confirm new password (no upper case alphabetical character), +6281252930398, testforgotpasswordbackend@gmail.com, 200, 200, OTP, -, -, TRUE, 200, Your token has been reset, Password12345@@, password12345, 400, 400</td>
<td><div><pre>java.lang.AssertionError: expected [200] but found [500]
	at com.g2academy.base.Assertion.statusCode(Assertion.java:8)
	at com.g2academy.testcases.loginmenu.TC_ForgotPassword.testForgotPassword(TC_ForgotPassword.java:95)
	at java.util.concurrent.Executors$RunnableAdapter.call(Executors.java:511)
	at java.util.concurrent.FutureTask.run(FutureTask.java:266)
	at java.util.concurrent.ThreadPoolExecutor.runWorker(ThreadPoolExecutor.java:1149)
	at java.util.concurrent.ThreadPoolExecutor$Worker.run(ThreadPoolExecutor.java:624)
	at java.lang.Thread.run(Thread.java:748)
... Removed 12 stack frames</pre></div><a href='#' onClick='toggleBox("stack-trace441867003", this, "Click to show all stack frames", "Click to hide stack frames")'>Click to show all stack frames</a>
<div class='stack-trace' id='stack-trace441867003'><pre>java.lang.AssertionError: expected [200] but found [500]
	at org.testng.Assert.fail(Assert.java:96)
	at org.testng.Assert.failNotEquals(Assert.java:776)
	at org.testng.Assert.assertEqualsImpl(Assert.java:137)
	at org.testng.Assert.assertEquals(Assert.java:118)
	at org.testng.Assert.assertEquals(Assert.java:652)
	at org.testng.Assert.assertEquals(Assert.java:662)
	at com.g2academy.base.Assertion.statusCode(Assertion.java:8)
	at com.g2academy.testcases.loginmenu.TC_ForgotPassword.testForgotPassword(TC_ForgotPassword.java:95)
	at sun.reflect.GeneratedMethodAccessor131.invoke(Unknown Source)
	at sun.reflect.DelegatingMethodAccessorImpl.invoke(DelegatingMethodAccessorImpl.java:43)
	at java.lang.reflect.Method.invoke(Method.java:498)
	at org.testng.internal.MethodInvocationHelper.invokeMethod(MethodInvocationHelper.java:124)
	at org.testng.internal.InvokeMethodRunnable.runOne(InvokeMethodRunnable.java:54)
	at org.testng.internal.InvokeMethodRunnable.run(InvokeMethodRunnable.java:44)
	at java.util.concurrent.Executors$RunnableAdapter.call(Executors.java:511)
	at java.util.concurrent.FutureTask.run(FutureTask.java:266)
	at java.util.concurrent.ThreadPoolExecutor.runWorker(ThreadPoolExecutor.java:1149)
	at java.util.concurrent.ThreadPoolExecutor$Worker.run(ThreadPoolExecutor.java:624)
	at java.lang.Thread.run(Thread.java:748)
</pre></div></td>
<td>3</td>
<td>com.g2academy.testcases.loginmenu.TC_ForgotPassword@22f71333</td></tr>
<tr>
<td title='com.g2academy.testcases.loginmenu.TC_ForgotPassword.testForgotPassword()'><b>testForgotPassword</b><br>Test class: com.g2academy.testcases.loginmenu.TC_ForgotPassword<br>Parameters: negative case - invalid confirm new password (no special character), +6281252930398, testforgotpasswordbackend@gmail.com, 200, 200, OTP, -, -, TRUE, 200, Your token has been reset, Password12345@@, Password12345, 400, 400</td>
<td><div><pre>java.lang.AssertionError: expected [200] but found [500]
	at com.g2academy.base.Assertion.statusCode(Assertion.java:8)
	at com.g2academy.testcases.loginmenu.TC_ForgotPassword.testForgotPassword(TC_ForgotPassword.java:95)
	at java.util.concurrent.Executors$RunnableAdapter.call(Executors.java:511)
	at java.util.concurrent.FutureTask.run(FutureTask.java:266)
	at java.util.concurrent.ThreadPoolExecutor.runWorker(ThreadPoolExecutor.java:1149)
	at java.util.concurrent.ThreadPoolExecutor$Worker.run(ThreadPoolExecutor.java:624)
	at java.lang.Thread.run(Thread.java:748)
... Removed 12 stack frames</pre></div><a href='#' onClick='toggleBox("stack-trace1995042827", this, "Click to show all stack frames", "Click to hide stack frames")'>Click to show all stack frames</a>
<div class='stack-trace' id='stack-trace1995042827'><pre>java.lang.AssertionError: expected [200] but found [500]
	at org.testng.Assert.fail(Assert.java:96)
	at org.testng.Assert.failNotEquals(Assert.java:776)
	at org.testng.Assert.assertEqualsImpl(Assert.java:137)
	at org.testng.Assert.assertEquals(Assert.java:118)
	at org.testng.Assert.assertEquals(Assert.java:652)
	at org.testng.Assert.assertEquals(Assert.java:662)
	at com.g2academy.base.Assertion.statusCode(Assertion.java:8)
	at com.g2academy.testcases.loginmenu.TC_ForgotPassword.testForgotPassword(TC_ForgotPassword.java:95)
	at sun.reflect.GeneratedMethodAccessor131.invoke(Unknown Source)
	at sun.reflect.DelegatingMethodAccessorImpl.invoke(DelegatingMethodAccessorImpl.java:43)
	at java.lang.reflect.Method.invoke(Method.java:498)
	at org.testng.internal.MethodInvocationHelper.invokeMethod(MethodInvocationHelper.java:124)
	at org.testng.internal.InvokeMethodRunnable.runOne(InvokeMethodRunnable.java:54)
	at org.testng.internal.InvokeMethodRunnable.run(InvokeMethodRunnable.java:44)
	at java.util.concurrent.Executors$RunnableAdapter.call(Executors.java:511)
	at java.util.concurrent.FutureTask.run(FutureTask.java:266)
	at java.util.concurrent.ThreadPoolExecutor.runWorker(ThreadPoolExecutor.java:1149)
	at java.util.concurrent.ThreadPoolExecutor$Worker.run(ThreadPoolExecutor.java:624)
	at java.lang.Thread.run(Thread.java:748)
</pre></div></td>
<td>2</td>
<td>com.g2academy.testcases.loginmenu.TC_ForgotPassword@22f71333</td></tr>
<tr>
<td title='com.g2academy.testcases.loginmenu.TC_ForgotPassword.testForgotPassword()'><b>testForgotPassword</b><br>Test class: com.g2academy.testcases.loginmenu.TC_ForgotPassword<br>Parameters: negative case - invalid confirm new password (no numerical character), +6281252930398, testforgotpasswordbackend@gmail.com, 200, 200, OTP, -, -, TRUE, 200, Your token has been reset, Password12345@@, PasswordSalah@@, 400, 400</td>
<td><div><pre>java.lang.AssertionError: expected [200] but found [500]
	at com.g2academy.base.Assertion.statusCode(Assertion.java:8)
	at com.g2academy.testcases.loginmenu.TC_ForgotPassword.testForgotPassword(TC_ForgotPassword.java:95)
	at java.util.concurrent.Executors$RunnableAdapter.call(Executors.java:511)
	at java.util.concurrent.FutureTask.run(FutureTask.java:266)
	at java.util.concurrent.ThreadPoolExecutor.runWorker(ThreadPoolExecutor.java:1149)
	at java.util.concurrent.ThreadPoolExecutor$Worker.run(ThreadPoolExecutor.java:624)
	at java.lang.Thread.run(Thread.java:748)
... Removed 12 stack frames</pre></div><a href='#' onClick='toggleBox("stack-trace98459285", this, "Click to show all stack frames", "Click to hide stack frames")'>Click to show all stack frames</a>
<div class='stack-trace' id='stack-trace98459285'><pre>java.lang.AssertionError: expected [200] but found [500]
	at org.testng.Assert.fail(Assert.java:96)
	at org.testng.Assert.failNotEquals(Assert.java:776)
	at org.testng.Assert.assertEqualsImpl(Assert.java:137)
	at org.testng.Assert.assertEquals(Assert.java:118)
	at org.testng.Assert.assertEquals(Assert.java:652)
	at org.testng.Assert.assertEquals(Assert.java:662)
	at com.g2academy.base.Assertion.statusCode(Assertion.java:8)
	at com.g2academy.testcases.loginmenu.TC_ForgotPassword.testForgotPassword(TC_ForgotPassword.java:95)
	at sun.reflect.GeneratedMethodAccessor131.invoke(Unknown Source)
	at sun.reflect.DelegatingMethodAccessorImpl.invoke(DelegatingMethodAccessorImpl.java:43)
	at java.lang.reflect.Method.invoke(Method.java:498)
	at org.testng.internal.MethodInvocationHelper.invokeMethod(MethodInvocationHelper.java:124)
	at org.testng.internal.InvokeMethodRunnable.runOne(InvokeMethodRunnable.java:54)
	at org.testng.internal.InvokeMethodRunnable.run(InvokeMethodRunnable.java:44)
	at java.util.concurrent.Executors$RunnableAdapter.call(Executors.java:511)
	at java.util.concurrent.FutureTask.run(FutureTask.java:266)
	at java.util.concurrent.ThreadPoolExecutor.runWorker(ThreadPoolExecutor.java:1149)
	at java.util.concurrent.ThreadPoolExecutor$Worker.run(ThreadPoolExecutor.java:624)
	at java.lang.Thread.run(Thread.java:748)
</pre></div></td>
<td>3</td>
<td>com.g2academy.testcases.loginmenu.TC_ForgotPassword@22f71333</td></tr>
<tr>
<td title='com.g2academy.testcases.loginmenu.TC_ForgotPassword.testForgotPassword()'><b>testForgotPassword</b><br>Test class: com.g2academy.testcases.loginmenu.TC_ForgotPassword<br>Parameters: negative case - invalid confirm new password (below 8 characters), +6281252930398, testforgotpasswordbackend@gmail.com, 200, 200, OTP, -, -, TRUE, 200, Your token has been reset, Password12345@@, Pwd123@, 400, 400</td>
<td><div><pre>java.lang.AssertionError: expected [200] but found [500]
	at com.g2academy.base.Assertion.statusCode(Assertion.java:8)
	at com.g2academy.testcases.loginmenu.TC_ForgotPassword.testForgotPassword(TC_ForgotPassword.java:95)
	at java.util.concurrent.Executors$RunnableAdapter.call(Executors.java:511)
	at java.util.concurrent.FutureTask.run(FutureTask.java:266)
	at java.util.concurrent.ThreadPoolExecutor.runWorker(ThreadPoolExecutor.java:1149)
	at java.util.concurrent.ThreadPoolExecutor$Worker.run(ThreadPoolExecutor.java:624)
	at java.lang.Thread.run(Thread.java:748)
... Removed 12 stack frames</pre></div><a href='#' onClick='toggleBox("stack-trace786970485", this, "Click to show all stack frames", "Click to hide stack frames")'>Click to show all stack frames</a>
<div class='stack-trace' id='stack-trace786970485'><pre>java.lang.AssertionError: expected [200] but found [500]
	at org.testng.Assert.fail(Assert.java:96)
	at org.testng.Assert.failNotEquals(Assert.java:776)
	at org.testng.Assert.assertEqualsImpl(Assert.java:137)
	at org.testng.Assert.assertEquals(Assert.java:118)
	at org.testng.Assert.assertEquals(Assert.java:652)
	at org.testng.Assert.assertEquals(Assert.java:662)
	at com.g2academy.base.Assertion.statusCode(Assertion.java:8)
	at com.g2academy.testcases.loginmenu.TC_ForgotPassword.testForgotPassword(TC_ForgotPassword.java:95)
	at sun.reflect.GeneratedMethodAccessor131.invoke(Unknown Source)
	at sun.reflect.DelegatingMethodAccessorImpl.invoke(DelegatingMethodAccessorImpl.java:43)
	at java.lang.reflect.Method.invoke(Method.java:498)
	at org.testng.internal.MethodInvocationHelper.invokeMethod(MethodInvocationHelper.java:124)
	at org.testng.internal.InvokeMethodRunnable.runOne(InvokeMethodRunnable.java:54)
	at org.testng.internal.InvokeMethodRunnable.run(InvokeMethodRunnable.java:44)
	at java.util.concurrent.Executors$RunnableAdapter.call(Executors.java:511)
	at java.util.concurrent.FutureTask.run(FutureTask.java:266)
	at java.util.concurrent.ThreadPoolExecutor.runWorker(ThreadPoolExecutor.java:1149)
	at java.util.concurrent.ThreadPoolExecutor$Worker.run(ThreadPoolExecutor.java:624)
	at java.lang.Thread.run(Thread.java:748)
</pre></div></td>
<td>2</td>
<td>com.g2academy.testcases.loginmenu.TC_ForgotPassword@22f71333</td></tr>
<tr>
<td title='com.g2academy.testcases.loginmenu.TC_ForgotPassword.testForgotPassword()'><b>testForgotPassword</b><br>Test class: com.g2academy.testcases.loginmenu.TC_ForgotPassword<br>Parameters: negative case - invalid confirm new password (exceed 16 characters), +6281252930398, testforgotpasswordbackend@gmail.com, 200, 200, OTP, -, -, TRUE, 200, Your token has been reset, Password12345@@, PasswordMelebihi16Karakter@@, 400, 400</td>
<td><div><pre>java.lang.AssertionError: expected [200] but found [500]
	at com.g2academy.base.Assertion.statusCode(Assertion.java:8)
	at com.g2academy.testcases.loginmenu.TC_ForgotPassword.testForgotPassword(TC_ForgotPassword.java:95)
	at java.util.concurrent.Executors$RunnableAdapter.call(Executors.java:511)
	at java.util.concurrent.FutureTask.run(FutureTask.java:266)
	at java.util.concurrent.ThreadPoolExecutor.runWorker(ThreadPoolExecutor.java:1149)
	at java.util.concurrent.ThreadPoolExecutor$Worker.run(ThreadPoolExecutor.java:624)
	at java.lang.Thread.run(Thread.java:748)
... Removed 12 stack frames</pre></div><a href='#' onClick='toggleBox("stack-trace1065443868", this, "Click to show all stack frames", "Click to hide stack frames")'>Click to show all stack frames</a>
<div class='stack-trace' id='stack-trace1065443868'><pre>java.lang.AssertionError: expected [200] but found [500]
	at org.testng.Assert.fail(Assert.java:96)
	at org.testng.Assert.failNotEquals(Assert.java:776)
	at org.testng.Assert.assertEqualsImpl(Assert.java:137)
	at org.testng.Assert.assertEquals(Assert.java:118)
	at org.testng.Assert.assertEquals(Assert.java:652)
	at org.testng.Assert.assertEquals(Assert.java:662)
	at com.g2academy.base.Assertion.statusCode(Assertion.java:8)
	at com.g2academy.testcases.loginmenu.TC_ForgotPassword.testForgotPassword(TC_ForgotPassword.java:95)
	at sun.reflect.GeneratedMethodAccessor131.invoke(Unknown Source)
	at sun.reflect.DelegatingMethodAccessorImpl.invoke(DelegatingMethodAccessorImpl.java:43)
	at java.lang.reflect.Method.invoke(Method.java:498)
	at org.testng.internal.MethodInvocationHelper.invokeMethod(MethodInvocationHelper.java:124)
	at org.testng.internal.InvokeMethodRunnable.runOne(InvokeMethodRunnable.java:54)
	at org.testng.internal.InvokeMethodRunnable.run(InvokeMethodRunnable.java:44)
	at java.util.concurrent.Executors$RunnableAdapter.call(Executors.java:511)
	at java.util.concurrent.FutureTask.run(FutureTask.java:266)
	at java.util.concurrent.ThreadPoolExecutor.runWorker(ThreadPoolExecutor.java:1149)
	at java.util.concurrent.ThreadPoolExecutor$Worker.run(ThreadPoolExecutor.java:624)
	at java.lang.Thread.run(Thread.java:748)
</pre></div></td>
<td>2</td>
<td>com.g2academy.testcases.loginmenu.TC_ForgotPassword@22f71333</td></tr>
</table><p>
<table width='100%' border='1' class='invocation-passed'>
<tr><td colspan='4' align='center'><b>PASSED TESTS</b></td></tr>
<tr><td><b>Test method</b></td>
<td width="30%"><b>Exception</b></td>
<td width="10%"><b>Time (seconds)</b></td>
<td><b>Instance</b></td>
</tr>
<tr>
<td title='com.g2academy.testcases.loginmenu.TC_ForgotPassword.testForgotPassword()'><b>testForgotPassword</b><br>Test class: com.g2academy.testcases.loginmenu.TC_ForgotPassword<br>Parameters: negative case - invalid phone number and email, not a number, testforgotpassword.gmail.com, 500, Internal Server Error, -, -, -, -, -, -, -, -, -, -</td>
<td></td>
<td>2</td>
<td>com.g2academy.testcases.loginmenu.TC_ForgotPassword@22f71333</td></tr>
<tr>
<td title='com.g2academy.testcases.loginmenu.TC_ForgotPassword.testForgotPassword()'><b>testForgotPassword</b><br>Test class: com.g2academy.testcases.loginmenu.TC_ForgotPassword<br>Parameters: negative case - invalid email, +6281252930398, testforgotpassword.gmail.com, 500, Internal Server Error, -, -, -, -, -, -, -, -, -, -</td>
<td></td>
<td>2</td>
<td>com.g2academy.testcases.loginmenu.TC_ForgotPassword@22f71333</td></tr>
<tr>
<td title='com.g2academy.testcases.loginmenu.TC_ForgotPassword.testForgotPassword()'><b>testForgotPassword</b><br>Test class: com.g2academy.testcases.loginmenu.TC_ForgotPassword<br>Parameters: negative case - invalid email (no @), +6281252930398, testforgotpassword.gmail.com, 500, Internal Server Error, -, -, -, -, -, -, -, -, -, -</td>
<td></td>
<td>3</td>
<td>com.g2academy.testcases.loginmenu.TC_ForgotPassword@22f71333</td></tr>
</table><p>
</body>
</html>