<?xml version="1.0" encoding="UTF-8"?>
<!-- Generated by org.testng.reporters.JUnitReportReporter -->
<testsuite skipped="0" hostname="DNID0694L01" name="com.g2academy.testcases.mainmenu.profile.TC_EditUser" tests="17" failures="3" timestamp="18 May 2020 09:39:28 GMT" time="300.169" errors="0">
  <testcase name="testEditUser" time="18.123" classname="com.g2academy.testcases.mainmenu.profile.TC_EditUser"/>
  <testcase name="testEditUser" time="16.116" classname="com.g2academy.testcases.mainmenu.profile.TC_EditUser">
    <failure type="java.lang.AssertionError" message="expected [400] but found [200]">
      <![CDATA[java.lang.AssertionError: expected [400] but found [200]
at org.testng.Assert.fail(Assert.java:96)
at org.testng.Assert.failNotEquals(Assert.java:776)
at org.testng.Assert.assertEqualsImpl(Assert.java:137)
at org.testng.Assert.assertEquals(Assert.java:118)
at org.testng.Assert.assertEquals(Assert.java:652)
at org.testng.Assert.assertEquals(Assert.java:662)
at com.g2academy.base.Assertion.statusCode(Assertion.java:8)
at com.g2academy.testcases.mainmenu.profile.TC_EditUser.testEditUser(TC_EditUser.java:71)
at sun.reflect.NativeMethodAccessorImpl.invoke0(Native Method)
at sun.reflect.NativeMethodAccessorImpl.invoke(NativeMethodAccessorImpl.java:62)
at sun.reflect.DelegatingMethodAccessorImpl.invoke(DelegatingMethodAccessorImpl.java:43)
at java.lang.reflect.Method.invoke(Method.java:498)
at org.testng.internal.MethodInvocationHelper.invokeMethod(MethodInvocationHelper.java:124)
at org.testng.internal.InvokeMethodRunnable.runOne(InvokeMethodRunnable.java:54)
at org.testng.internal.InvokeMethodRunnable.run(InvokeMethodRunnable.java:44)
at java.util.concurrent.Executors$RunnableAdapter.call(Executors.java:511)
at java.util.concurrent.FutureTask.run(FutureTask.java:266)
at java.util.concurrent.ThreadPoolExecutor.runWorker(ThreadPoolExecutor.java:1149)
at java.util.concurrent.ThreadPoolExecutor$Worker.run(ThreadPoolExecutor.java:624)
at java.lang.Thread.run(Thread.java:748)
]]>
    </failure>
  </testcase> <!-- testEditUser -->
  <testcase name="testEditUser" time="19.870" classname="com.g2academy.testcases.mainmenu.profile.TC_EditUser"/>
  <testcase name="testEditUser" time="16.381" classname="com.g2academy.testcases.mainmenu.profile.TC_EditUser"/>
  <testcase name="testEditUser" time="16.092" classname="com.g2academy.testcases.mainmenu.profile.TC_EditUser">
    <failure type="java.lang.AssertionError" message="expected [400] but found [200]">
      <![CDATA[java.lang.AssertionError: expected [400] but found [200]
at org.testng.Assert.fail(Assert.java:96)
at org.testng.Assert.failNotEquals(Assert.java:776)
at org.testng.Assert.assertEqualsImpl(Assert.java:137)
at org.testng.Assert.assertEquals(Assert.java:118)
at org.testng.Assert.assertEquals(Assert.java:652)
at org.testng.Assert.assertEquals(Assert.java:662)
at com.g2academy.base.Assertion.statusCode(Assertion.java:8)
at com.g2academy.testcases.mainmenu.profile.TC_EditUser.testEditUser(TC_EditUser.java:71)
at sun.reflect.NativeMethodAccessorImpl.invoke0(Native Method)
at sun.reflect.NativeMethodAccessorImpl.invoke(NativeMethodAccessorImpl.java:62)
at sun.reflect.DelegatingMethodAccessorImpl.invoke(DelegatingMethodAccessorImpl.java:43)
at java.lang.reflect.Method.invoke(Method.java:498)
at org.testng.internal.MethodInvocationHelper.invokeMethod(MethodInvocationHelper.java:124)
at org.testng.internal.InvokeMethodRunnable.runOne(InvokeMethodRunnable.java:54)
at org.testng.internal.InvokeMethodRunnable.run(InvokeMethodRunnable.java:44)
at java.util.concurrent.Executors$RunnableAdapter.call(Executors.java:511)
at java.util.concurrent.FutureTask.run(FutureTask.java:266)
at java.util.concurrent.ThreadPoolExecutor.runWorker(ThreadPoolExecutor.java:1149)
at java.util.concurrent.ThreadPoolExecutor$Worker.run(ThreadPoolExecutor.java:624)
at java.lang.Thread.run(Thread.java:748)
]]>
    </failure>
  </testcase> <!-- testEditUser -->
  <testcase name="testEditUser" time="18.394" classname="com.g2academy.testcases.mainmenu.profile.TC_EditUser"/>
  <testcase name="testEditUser" time="16.766" classname="com.g2academy.testcases.mainmenu.profile.TC_EditUser"/>
  <testcase name="testEditUser" time="15.897" classname="com.g2academy.testcases.mainmenu.profile.TC_EditUser"/>
  <testcase name="testEditUser" time="19.550" classname="com.g2academy.testcases.mainmenu.profile.TC_EditUser"/>
  <testcase name="testEditUser" time="18.709" classname="com.g2academy.testcases.mainmenu.profile.TC_EditUser"/>
  <testcase name="testEditUser" time="15.257" classname="com.g2academy.testcases.mainmenu.profile.TC_EditUser">
    <failure type="java.lang.AssertionError" message="expected [400] but found [200]">
      <![CDATA[java.lang.AssertionError: expected [400] but found [200]
at org.testng.Assert.fail(Assert.java:96)
at org.testng.Assert.failNotEquals(Assert.java:776)
at org.testng.Assert.assertEqualsImpl(Assert.java:137)
at org.testng.Assert.assertEquals(Assert.java:118)
at org.testng.Assert.assertEquals(Assert.java:652)
at org.testng.Assert.assertEquals(Assert.java:662)
at com.g2academy.base.Assertion.statusCode(Assertion.java:8)
at com.g2academy.testcases.mainmenu.profile.TC_EditUser.testEditUser(TC_EditUser.java:71)
at sun.reflect.GeneratedMethodAccessor147.invoke(Unknown Source)
at sun.reflect.DelegatingMethodAccessorImpl.invoke(DelegatingMethodAccessorImpl.java:43)
at java.lang.reflect.Method.invoke(Method.java:498)
at org.testng.internal.MethodInvocationHelper.invokeMethod(MethodInvocationHelper.java:124)
at org.testng.internal.InvokeMethodRunnable.runOne(InvokeMethodRunnable.java:54)
at org.testng.internal.InvokeMethodRunnable.run(InvokeMethodRunnable.java:44)
at java.util.concurrent.Executors$RunnableAdapter.call(Executors.java:511)
at java.util.concurrent.FutureTask.run(FutureTask.java:266)
at java.util.concurrent.ThreadPoolExecutor.runWorker(ThreadPoolExecutor.java:1149)
at java.util.concurrent.ThreadPoolExecutor$Worker.run(ThreadPoolExecutor.java:624)
at java.lang.Thread.run(Thread.java:748)
]]>
    </failure>
  </testcase> <!-- testEditUser -->
  <testcase name="testEditUser" time="18.846" classname="com.g2academy.testcases.mainmenu.profile.TC_EditUser"/>
  <testcase name="testEditUser" time="17.920" classname="com.g2academy.testcases.mainmenu.profile.TC_EditUser"/>
  <testcase name="testEditUser" time="19.573" classname="com.g2academy.testcases.mainmenu.profile.TC_EditUser"/>
  <testcase name="testEditUser" time="17.755" classname="com.g2academy.testcases.mainmenu.profile.TC_EditUser"/>
  <testcase name="testEditUser" time="15.462" classname="com.g2academy.testcases.mainmenu.profile.TC_EditUser"/>
  <testcase name="testEditUser" time="19.458" classname="com.g2academy.testcases.mainmenu.profile.TC_EditUser"/>
</testsuite> <!-- com.g2academy.testcases.mainmenu.profile.TC_EditUser -->
